<?xml version="1.0" encoding="UTF-8"?>
<coverage generated="1762987024821" clover="3.2.0">
  <project timestamp="1762987024821" name="All files">
    <metrics statements="328" coveredstatements="328" conditionals="248" coveredconditionals="215" methods="71" coveredmethods="71" elements="647" coveredelements="614" complexity="0" loc="328" ncloc="328" packages="1" files="6" classes="6"/>
    <file name="App.jsx" path="C:\Users\bengu\OneDrive\Desktop\ben\react-demo\src\App.jsx">
      <metrics statements="6" coveredstatements="6" conditionals="0" coveredconditionals="0" methods="2" coveredmethods="2"/>
      <line num="10" count="1" type="stmt"/>
      <line num="12" count="1" type="stmt"/>
      <line num="31" count="1" type="stmt"/>
      <line num="39" count="9" type="stmt"/>
      <line num="41" count="9" type="stmt"/>
      <line num="75" count="4" type="stmt"/>
    </file>
    <file name="GeocodeSearchDemo.jsx" path="C:\Users\bengu\OneDrive\Desktop\ben\react-demo\src\GeocodeSearchDemo.jsx">
      <metrics statements="138" coveredstatements="138" conditionals="134" coveredconditionals="114" methods="20" coveredmethods="20"/>
      <line num="5" count="2" type="stmt"/>
      <line num="7" count="2" type="stmt"/>
      <line num="14" count="118" type="cond" truecount="2" falsecount="0"/>
      <line num="21" count="118" type="cond" truecount="2" falsecount="0"/>
      <line num="22" count="1" type="stmt"/>
      <line num="26" count="117" type="cond" truecount="2" falsecount="0"/>
      <line num="32" count="117" type="cond" truecount="2" falsecount="0"/>
      <line num="35" count="2" type="stmt"/>
      <line num="37" count="2" type="stmt"/>
      <line num="38" count="2" type="stmt"/>
      <line num="39" count="2" type="stmt"/>
      <line num="46" count="2" type="cond" truecount="0" falsecount="1"/>
      <line num="47" count="14" type="cond" truecount="2" falsecount="0"/>
      <line num="48" count="11" type="stmt"/>
      <line num="50" count="3" type="cond" truecount="2" falsecount="0"/>
      <line num="51" count="2" type="stmt"/>
      <line num="53" count="1" type="stmt"/>
      <line num="56" count="2" type="cond" truecount="1" falsecount="0"/>
      <line num="57" count="12" type="cond" truecount="4" falsecount="0"/>
      <line num="58" count="1" type="stmt"/>
      <line num="61" count="11" type="stmt"/>
      <line num="62" count="11" type="stmt"/>
      <line num="63" count="11" type="stmt"/>
      <line num="64" count="11" type="stmt"/>
      <line num="67" count="11" type="stmt"/>
      <line num="73" count="2" type="stmt"/>
      <line num="74" count="12" type="cond" truecount="2" falsecount="0"/>
      <line num="75" count="12" type="cond" truecount="2" falsecount="0"/>
      <line num="76" count="12" type="cond" truecount="1" falsecount="1"/>
      <line num="78" count="12" type="cond" truecount="6" falsecount="0"/>
      <line num="84" count="12" type="cond" truecount="3" falsecount="0"/>
      <line num="85" count="12" type="stmt"/>
      <line num="87" count="12" type="stmt"/>
      <line num="98" count="2" type="stmt"/>
      <line num="102" count="5" type="stmt"/>
      <line num="107" count="5" type="stmt"/>
      <line num="121" count="2" type="stmt"/>
      <line num="122" count="17" type="cond" truecount="3" falsecount="1"/>
      <line num="127" count="115" type="stmt"/>
      <line num="128" count="115" type="stmt"/>
      <line num="129" count="115" type="stmt"/>
      <line num="130" count="115" type="stmt"/>
      <line num="131" count="115" type="stmt"/>
      <line num="132" count="115" type="stmt"/>
      <line num="133" count="115" type="stmt"/>
      <line num="134" count="115" type="stmt"/>
      <line num="136" count="115" type="cond" truecount="2" falsecount="0"/>
      <line num="137" count="115" type="stmt"/>
      <line num="138" count="115" type="stmt"/>
      <line num="139" count="12" type="cond" truecount="1" falsecount="1"/>
      <line num="142" count="115" type="cond" truecount="2" falsecount="0"/>
      <line num="144" count="115" type="stmt"/>
      <line num="146" count="12" type="stmt"/>
      <line num="147" count="12" type="cond" truecount="2" falsecount="0"/>
      <line num="148" count="1" type="stmt"/>
      <line num="149" count="1" type="stmt"/>
      <line num="150" count="1" type="stmt"/>
      <line num="151" count="1" type="stmt"/>
      <line num="152" count="1" type="stmt"/>
      <line num="153" count="1" type="stmt"/>
      <line num="156" count="11" type="cond" truecount="2" falsecount="0"/>
      <line num="157" count="1" type="stmt"/>
      <line num="158" count="1" type="stmt"/>
      <line num="159" count="1" type="stmt"/>
      <line num="162" count="10" type="cond" truecount="2" falsecount="0"/>
      <line num="163" count="1" type="stmt"/>
      <line num="166" count="10" type="stmt"/>
      <line num="167" count="10" type="stmt"/>
      <line num="169" count="10" type="stmt"/>
      <line num="170" count="10" type="stmt"/>
      <line num="171" count="10" type="stmt"/>
      <line num="173" count="10" type="stmt"/>
      <line num="174" count="10" type="stmt"/>
      <line num="179" count="8" type="cond" truecount="2" falsecount="0"/>
      <line num="180" count="1" type="stmt"/>
      <line num="183" count="7" type="stmt"/>
      <line num="184" count="7" type="cond" truecount="1" falsecount="1"/>
      <line num="186" count="7" type="stmt"/>
      <line num="187" count="7" type="stmt"/>
      <line num="188" count="7" type="stmt"/>
      <line num="190" count="7" type="cond" truecount="2" falsecount="0"/>
      <line num="191" count="2" type="stmt"/>
      <line num="192" count="2" type="stmt"/>
      <line num="195" count="2" type="stmt"/>
      <line num="198" count="5" type="stmt"/>
      <line num="200" count="2" type="cond" truecount="2" falsecount="0"/>
      <line num="201" count="1" type="stmt"/>
      <line num="203" count="1" type="stmt"/>
      <line num="204" count="1" type="stmt"/>
      <line num="209" count="9" type="cond" truecount="2" falsecount="0"/>
      <line num="210" count="8" type="stmt"/>
      <line num="217" count="115" type="stmt"/>
      <line num="218" count="11" type="stmt"/>
      <line num="219" count="11" type="stmt"/>
      <line num="222" count="115" type="stmt"/>
      <line num="223" count="1" type="stmt"/>
      <line num="224" count="1" type="stmt"/>
      <line num="227" count="115" type="stmt"/>
      <line num="228" count="1" type="cond" truecount="1" falsecount="1"/>
      <line num="229" count="1" type="stmt"/>
      <line num="230" count="1" type="stmt"/>
      <line num="232" count="1" type="stmt"/>
      <line num="233" count="1" type="stmt"/>
      <line num="234" count="1" type="stmt"/>
      <line num="235" count="1" type="stmt"/>
      <line num="236" count="1" type="stmt"/>
      <line num="237" count="1" type="stmt"/>
      <line num="240" count="115" type="stmt"/>
      <line num="241" count="2" type="stmt"/>
      <line num="247" count="2" type="stmt"/>
      <line num="248" count="2" type="stmt"/>
      <line num="251" count="2" type="stmt"/>
      <line num="252" count="2" type="stmt"/>
      <line num="254" count="2" type="cond" truecount="4" falsecount="0"/>
      <line num="255" count="1" type="stmt"/>
      <line num="258" count="1" type="stmt"/>
      <line num="259" count="1" type="stmt"/>
      <line num="260" count="1" type="stmt"/>
      <line num="261" count="1" type="stmt"/>
      <line num="262" count="1" type="stmt"/>
      <line num="264" count="1" type="stmt"/>
      <line num="265" count="1" type="stmt"/>
      <line num="271" count="115" type="stmt"/>
      <line num="272" count="31" type="cond" truecount="2" falsecount="0"/>
      <line num="273" count="9" type="stmt"/>
      <line num="275" count="22" type="cond" truecount="2" falsecount="0"/>
      <line num="276" count="5" type="cond" truecount="2" falsecount="0"/>
      <line num="278" count="17" type="cond" truecount="2" falsecount="0"/>
      <line num="279" count="2" type="stmt"/>
      <line num="281" count="15" type="cond" truecount="2" falsecount="0"/>
      <line num="282" count="2" type="stmt"/>
      <line num="284" count="13" type="stmt"/>
      <line num="287" count="115" type="stmt"/>
      <line num="307" count="81" type="stmt"/>
      <line num="328" count="460" type="stmt"/>
      <line num="332" count="1" type="stmt"/>
      <line num="384" count="72" type="stmt"/>
      <line num="397" count="8" type="stmt"/>
    </file>
    <file name="MultiSelectFilterDemo.jsx" path="C:\Users\bengu\OneDrive\Desktop\ben\react-demo\src\MultiSelectFilterDemo.jsx">
      <metrics statements="52" coveredstatements="52" conditionals="22" coveredconditionals="21" methods="24" coveredmethods="24"/>
      <line num="14" count="1" type="stmt"/>
      <line num="52" count="1" type="stmt"/>
      <line num="53" count="5" type="stmt"/>
      <line num="54" count="24" type="stmt"/>
      <line num="57" count="19" type="stmt"/>
      <line num="58" count="19" type="stmt"/>
      <line num="59" count="19" type="stmt"/>
      <line num="61" count="19" type="stmt"/>
      <line num="62" count="14" type="stmt"/>
      <line num="63" count="140" type="stmt"/>
      <line num="64" count="111" type="stmt"/>
      <line num="67" count="140" type="stmt"/>
      <line num="73" count="19" type="stmt"/>
      <line num="74" count="14" type="cond" truecount="2" falsecount="0"/>
      <line num="75" count="8" type="stmt"/>
      <line num="78" count="6" type="cond" truecount="2" falsecount="0"/>
      <line num="79" count="4" type="stmt"/>
      <line num="82" count="2" type="stmt"/>
      <line num="85" count="19" type="stmt"/>
      <line num="86" count="12" type="cond" truecount="2" falsecount="0"/>
      <line num="87" count="8" type="stmt"/>
      <line num="90" count="4" type="stmt"/>
      <line num="91" count="22" type="stmt"/>
      <line num="96" count="19" type="cond" truecount="2" falsecount="0"/>
      <line num="97" count="14" type="stmt"/>
      <line num="99" count="19" type="stmt"/>
      <line num="100" count="3" type="stmt"/>
      <line num="101" count="3" type="stmt"/>
      <line num="104" count="19" type="stmt"/>
      <line num="105" count="4" type="cond" truecount="2" falsecount="0"/>
      <line num="106" count="1" type="stmt"/>
      <line num="107" count="1" type="stmt"/>
      <line num="108" count="1" type="stmt"/>
      <line num="109" count="1" type="stmt"/>
      <line num="112" count="3" type="stmt"/>
      <line num="115" count="19" type="stmt"/>
      <line num="116" count="1" type="stmt"/>
      <line num="117" count="1" type="stmt"/>
      <line num="118" count="1" type="stmt"/>
      <line num="121" count="19" type="stmt"/>
      <line num="158" count="19" type="stmt"/>
      <line num="163" count="5" type="cond" truecount="1" falsecount="1"/>
      <line num="167" count="2" type="stmt"/>
      <line num="169" count="19" type="stmt"/>
      <line num="176" count="4" type="stmt"/>
      <line num="177" count="4" type="stmt"/>
      <line num="178" count="4" type="stmt"/>
      <line num="187" count="1" type="stmt"/>
      <line num="188" count="1" type="stmt"/>
      <line num="189" count="1" type="stmt"/>
      <line num="217" count="79" type="stmt"/>
      <line num="226" count="220" type="stmt"/>
    </file>
    <file name="ReverseGeocodeDemo.jsx" path="C:\Users\bengu\OneDrive\Desktop\ben\react-demo\src\ReverseGeocodeDemo.jsx">
      <metrics statements="116" coveredstatements="116" conditionals="76" coveredconditionals="68" methods="18" coveredmethods="18"/>
      <line num="12" count="1" type="stmt"/>
      <line num="19" count="1" type="stmt"/>
      <line num="20" count="36" type="cond" truecount="3" falsecount="1"/>
      <line num="22" count="1" type="stmt"/>
      <line num="23" count="18" type="stmt"/>
      <line num="24" count="18" type="cond" truecount="2" falsecount="0"/>
      <line num="25" count="1" type="stmt"/>
      <line num="27" count="17" type="cond" truecount="4" falsecount="0"/>
      <line num="28" count="2" type="stmt"/>
      <line num="30" count="15" type="stmt"/>
      <line num="33" count="1" type="stmt"/>
      <line num="34" count="13" type="cond" truecount="3" falsecount="1"/>
      <line num="39" count="117" type="stmt"/>
      <line num="40" count="117" type="stmt"/>
      <line num="41" count="117" type="stmt"/>
      <line num="42" count="117" type="stmt"/>
      <line num="43" count="117" type="stmt"/>
      <line num="44" count="117" type="stmt"/>
      <line num="45" count="117" type="stmt"/>
      <line num="46" count="117" type="stmt"/>
      <line num="48" count="117" type="stmt"/>
      <line num="49" count="12" type="cond" truecount="1" falsecount="1"/>
      <line num="53" count="117" type="cond" truecount="3" falsecount="0"/>
      <line num="54" count="117" type="stmt"/>
      <line num="55" count="117" type="cond" truecount="2" falsecount="0"/>
      <line num="57" count="117" type="stmt"/>
      <line num="59" count="8" type="cond" truecount="2" falsecount="0"/>
      <line num="60" count="1" type="stmt"/>
      <line num="61" count="1" type="stmt"/>
      <line num="62" count="1" type="stmt"/>
      <line num="65" count="7" type="stmt"/>
      <line num="66" count="7" type="stmt"/>
      <line num="68" count="7" type="stmt"/>
      <line num="70" count="7" type="stmt"/>
      <line num="71" count="7" type="stmt"/>
      <line num="75" count="7" type="cond" truecount="2" falsecount="0"/>
      <line num="76" count="1" type="stmt"/>
      <line num="79" count="6" type="stmt"/>
      <line num="80" count="6" type="cond" truecount="1" falsecount="1"/>
      <line num="82" count="6" type="stmt"/>
      <line num="83" count="6" type="stmt"/>
      <line num="84" count="6" type="stmt"/>
      <line num="86" count="6" type="cond" truecount="2" falsecount="0"/>
      <line num="87" count="1" type="stmt"/>
      <line num="88" count="1" type="stmt"/>
      <line num="91" count="1" type="stmt"/>
      <line num="94" count="5" type="stmt"/>
      <line num="96" count="1" type="stmt"/>
      <line num="97" count="1" type="stmt"/>
      <line num="106" count="117" type="stmt"/>
      <line num="107" count="10" type="stmt"/>
      <line num="108" count="10" type="stmt"/>
      <line num="109" count="10" type="cond" truecount="2" falsecount="0"/>
      <line num="110" count="2" type="stmt"/>
      <line num="111" count="2" type="stmt"/>
      <line num="112" count="2" type="stmt"/>
      <line num="113" count="2" type="stmt"/>
      <line num="115" count="8" type="stmt"/>
      <line num="116" count="8" type="cond" truecount="2" falsecount="0"/>
      <line num="117" count="1" type="stmt"/>
      <line num="118" count="1" type="stmt"/>
      <line num="119" count="1" type="stmt"/>
      <line num="120" count="1" type="stmt"/>
      <line num="123" count="7" type="stmt"/>
      <line num="126" count="117" type="stmt"/>
      <line num="127" count="1" type="stmt"/>
      <line num="128" count="1" type="stmt"/>
      <line num="129" count="1" type="stmt"/>
      <line num="130" count="1" type="stmt"/>
      <line num="131" count="1" type="cond" truecount="3" falsecount="1"/>
      <line num="132" count="1" type="stmt"/>
      <line num="136" count="117" type="stmt"/>
      <line num="137" count="1" type="stmt"/>
      <line num="138" count="1" type="stmt"/>
      <line num="141" count="117" type="stmt"/>
      <line num="142" count="1" type="stmt"/>
      <line num="143" count="1" type="stmt"/>
      <line num="144" count="1" type="stmt"/>
      <line num="145" count="1" type="stmt"/>
      <line num="146" count="1" type="stmt"/>
      <line num="147" count="1" type="stmt"/>
      <line num="148" count="1" type="stmt"/>
      <line num="151" count="117" type="stmt"/>
      <line num="152" count="2" type="stmt"/>
      <line num="153" count="2" type="stmt"/>
      <line num="159" count="2" type="stmt"/>
      <line num="160" count="2" type="stmt"/>
      <line num="163" count="2" type="stmt"/>
      <line num="165" count="2" type="cond" truecount="2" falsecount="0"/>
      <line num="166" count="1" type="stmt"/>
      <line num="169" count="1" type="stmt"/>
      <line num="170" count="1" type="stmt"/>
      <line num="171" count="1" type="stmt"/>
      <line num="172" count="1" type="stmt"/>
      <line num="173" count="1" type="stmt"/>
      <line num="175" count="1" type="stmt"/>
      <line num="176" count="1" type="stmt"/>
      <line num="182" count="117" type="stmt"/>
      <line num="183" count="31" type="cond" truecount="2" falsecount="0"/>
      <line num="184" count="7" type="stmt"/>
      <line num="186" count="24" type="cond" truecount="2" falsecount="0"/>
      <line num="187" count="5" type="stmt"/>
      <line num="191" count="19" type="cond" truecount="2" falsecount="0"/>
      <line num="192" count="1" type="stmt"/>
      <line num="194" count="18" type="cond" truecount="2" falsecount="0"/>
      <line num="195" count="2" type="stmt"/>
      <line num="197" count="16" type="cond" truecount="2" falsecount="0"/>
      <line num="198" count="3" type="stmt"/>
      <line num="200" count="13" type="stmt"/>
      <line num="203" count="117" type="stmt"/>
      <line num="219" count="40" type="stmt"/>
      <line num="228" count="44" type="stmt"/>
      <line num="254" count="468" type="stmt"/>
      <line num="259" count="1" type="stmt"/>
      <line num="303" count="14" type="stmt"/>
      <line num="316" count="6" type="stmt"/>
    </file>
    <file name="TextTypingDemo.jsx" path="C:\Users\bengu\OneDrive\Desktop\ben\react-demo\src\TextTypingDemo.jsx">
      <metrics statements="15" coveredstatements="15" conditionals="16" coveredconditionals="12" methods="7" coveredmethods="7"/>
      <line num="5" count="1" type="stmt"/>
      <line num="8" count="9" type="stmt"/>
      <line num="9" count="9" type="stmt"/>
      <line num="11" count="9" type="stmt"/>
      <line num="12" count="9" type="cond" truecount="2" falsecount="0"/>
      <line num="13" count="1" type="stmt"/>
      <line num="16" count="8" type="cond" truecount="2" falsecount="0"/>
      <line num="17" count="8" type="stmt"/>
      <line num="18" count="6" type="cond" truecount="2" falsecount="0"/>
      <line num="21" count="8" type="stmt"/>
      <line num="24" count="9" type="cond" truecount="1" falsecount="1"/>
      <line num="25" count="9" type="stmt"/>
      <line num="27" count="9" type="stmt"/>
      <line num="40" count="8" type="stmt"/>
      <line num="46" count="8" type="stmt"/>
    </file>
    <file name="main.jsx" path="C:\Users\bengu\OneDrive\Desktop\ben\react-demo\src\main.jsx">
      <metrics statements="1" coveredstatements="1" conditionals="0" coveredconditionals="0" methods="0" coveredmethods="0"/>
      <line num="6" count="2" type="stmt"/>
    </file>
  </project>
</coverage>
