{"C:\\Users\\bengu\\OneDrive\\Desktop\\ben\\react-demo\\src\\App.jsx": {"path":"C:\\Users\\bengu\\OneDrive\\Desktop\\ben\\react-demo\\src\\App.jsx","statementMap":{"0":{"start":{"line":10,"column":27},"end":{"line":10,"column":33}},"1":{"start":{"line":12,"column":18},"end":{"line":29,"column":1}},"2":{"start":{"line":31,"column":23},"end":{"line":36,"column":1}},"3":{"start":{"line":39,"column":36},"end":{"line":39,"column":54}},"4":{"start":{"line":41,"column":2},"end":{"line":87,"column":3}},"5":{"start":{"line":75,"column":34},"end":{"line":75,"column":51}}},"fnMap":{"0":{"name":"App","decl":{"start":{"line":38,"column":9},"end":{"line":38,"column":12}},"loc":{"start":{"line":38,"column":15},"end":{"line":88,"column":1}},"line":38},"1":{"name":"(anonymous_1)","decl":{"start":{"line":75,"column":21},"end":{"line":75,"column":22}},"loc":{"start":{"line":75,"column":34},"end":{"line":75,"column":51}},"line":75}},"branchMap":{},"s":{"0":1,"1":1,"2":1,"3":9,"4":9,"5":4},"f":{"0":9,"1":4},"b":{},"_coverageSchema":"1a1c01bbd47fc00a2c39e90264f33305004495a9","hash":"506629a694140a4a94ac5b78f397b1f66d6ac8f8"}
,"C:\\Users\\bengu\\OneDrive\\Desktop\\ben\\react-demo\\src\\GeocodeSearchDemo.jsx": {"path":"C:\\Users\\bengu\\OneDrive\\Desktop\\ben\\react-demo\\src\\GeocodeSearchDemo.jsx","statementMap":{"0":{"start":{"line":5,"column":25},"end":{"line":5,"column":59}},"1":{"start":{"line":7,"column":36},"end":{"line":33,"column":1}},"2":{"start":{"line":14,"column":4},"end":{"line":19,"column":15}},"3":{"start":{"line":21,"column":2},"end":{"line":23,"column":3}},"4":{"start":{"line":22,"column":4},"end":{"line":22,"column":31}},"5":{"start":{"line":26,"column":4},"end":{"line":30,"column":15}},"6":{"start":{"line":32,"column":2},"end":{"line":32,"column":46}},"7":{"start":{"line":35,"column":24},"end":{"line":35,"column":46}},"8":{"start":{"line":37,"column":32},"end":{"line":37,"column":78}},"9":{"start":{"line":38,"column":20},"end":{"line":38,"column":21}},"10":{"start":{"line":39,"column":26},"end":{"line":44,"column":1}},"11":{"start":{"line":46,"column":31},"end":{"line":54,"column":1}},"12":{"start":{"line":47,"column":2},"end":{"line":49,"column":3}},"13":{"start":{"line":48,"column":4},"end":{"line":48,"column":26}},"14":{"start":{"line":50,"column":2},"end":{"line":52,"column":3}},"15":{"start":{"line":51,"column":4},"end":{"line":51,"column":28}},"16":{"start":{"line":53,"column":2},"end":{"line":53,"column":29}},"17":{"start":{"line":56,"column":36},"end":{"line":71,"column":1}},"18":{"start":{"line":57,"column":2},"end":{"line":59,"column":3}},"19":{"start":{"line":58,"column":4},"end":{"line":58,"column":15}},"20":{"start":{"line":61,"column":17},"end":{"line":61,"column":38}},"21":{"start":{"line":62,"column":12},"end":{"line":62,"column":21}},"22":{"start":{"line":63,"column":16},"end":{"line":63,"column":51}},"23":{"start":{"line":64,"column":16},"end":{"line":66,"column":3}},"24":{"start":{"line":67,"column":2},"end":{"line":70,"column":3}},"25":{"start":{"line":73,"column":31},"end":{"line":96,"column":1}},"26":{"start":{"line":74,"column":14},"end":{"line":74,"column":80}},"27":{"start":{"line":75,"column":14},"end":{"line":75,"column":80}},"28":{"start":{"line":76,"column":21},"end":{"line":76,"column":43}},"29":{"start":{"line":78,"column":4},"end":{"line":83,"column":21}},"30":{"start":{"line":84,"column":17},"end":{"line":84,"column":83}},"31":{"start":{"line":85,"column":18},"end":{"line":85,"column":36}},"32":{"start":{"line":87,"column":2},"end":{"line":95,"column":3}},"33":{"start":{"line":98,"column":36},"end":{"line":119,"column":2}},"34":{"start":{"line":102,"column":7},"end":{"line":119,"column":1}},"35":{"start":{"line":107,"column":40},"end":{"line":118,"column":3}},"36":{"start":{"line":121,"column":21},"end":{"line":124,"column":16}},"37":{"start":{"line":122,"column":2},"end":{"line":124,"column":16}},"38":{"start":{"line":127,"column":28},"end":{"line":127,"column":40}},"39":{"start":{"line":128,"column":32},"end":{"line":128,"column":44}},"40":{"start":{"line":129,"column":30},"end":{"line":129,"column":46}},"41":{"start":{"line":130,"column":42},"end":{"line":130,"column":54}},"42":{"start":{"line":131,"column":38},"end":{"line":131,"column":50}},"43":{"start":{"line":132,"column":36},"end":{"line":132,"column":50}},"44":{"start":{"line":133,"column":29},"end":{"line":133,"column":41}},"45":{"start":{"line":134,"column":28},"end":{"line":134,"column":40}},"46":{"start":{"line":136,"column":20},"end":{"line":136,"column":68}},"47":{"start":{"line":137,"column":21},"end":{"line":137,"column":39}},"48":{"start":{"line":138,"column":27},"end":{"line":141,"column":3}},"49":{"start":{"line":139,"column":11},"end":{"line":139,"column":58}},"50":{"start":{"line":142,"column":22},"end":{"line":142,"column":56}},"51":{"start":{"line":144,"column":20},"end":{"line":215,"column":3}},"52":{"start":{"line":146,"column":26},"end":{"line":146,"column":41}},"53":{"start":{"line":147,"column":6},"end":{"line":154,"column":7}},"54":{"start":{"line":148,"column":8},"end":{"line":148,"column":79}},"55":{"start":{"line":149,"column":8},"end":{"line":149,"column":22}},"56":{"start":{"line":150,"column":8},"end":{"line":150,"column":25}},"57":{"start":{"line":151,"column":8},"end":{"line":151,"column":26}},"58":{"start":{"line":152,"column":8},"end":{"line":152,"column":25}},"59":{"start":{"line":153,"column":8},"end":{"line":153,"column":14}},"60":{"start":{"line":156,"column":6},"end":{"line":160,"column":7}},"61":{"start":{"line":157,"column":8},"end":{"line":157,"column":60}},"62":{"start":{"line":158,"column":8},"end":{"line":158,"column":26}},"63":{"start":{"line":159,"column":8},"end":{"line":159,"column":14}},"64":{"start":{"line":162,"column":6},"end":{"line":164,"column":7}},"65":{"start":{"line":163,"column":8},"end":{"line":163,"column":42}},"66":{"start":{"line":166,"column":25},"end":{"line":166,"column":46}},"67":{"start":{"line":167,"column":6},"end":{"line":167,"column":45}},"68":{"start":{"line":169,"column":6},"end":{"line":169,"column":26}},"69":{"start":{"line":170,"column":6},"end":{"line":170,"column":25}},"70":{"start":{"line":171,"column":20},"end":{"line":171,"column":34}},"71":{"start":{"line":173,"column":6},"end":{"line":212,"column":7}},"72":{"start":{"line":174,"column":25},"end":{"line":177,"column":9}},"73":{"start":{"line":179,"column":8},"end":{"line":181,"column":9}},"74":{"start":{"line":180,"column":10},"end":{"line":180,"column":79}},"75":{"start":{"line":183,"column":24},"end":{"line":183,"column":45}},"76":{"start":{"line":184,"column":34},"end":{"line":184,"column":79}},"77":{"start":{"line":186,"column":8},"end":{"line":186,"column":37}},"78":{"start":{"line":187,"column":8},"end":{"line":187,"column":34}},"79":{"start":{"line":188,"column":8},"end":{"line":188,"column":56}},"80":{"start":{"line":190,"column":8},"end":{"line":196,"column":9}},"81":{"start":{"line":191,"column":10},"end":{"line":191,"column":28}},"82":{"start":{"line":192,"column":10},"end":{"line":194,"column":11}},"83":{"start":{"line":195,"column":10},"end":{"line":195,"column":16}},"84":{"start":{"line":198,"column":8},"end":{"line":198,"column":28}},"85":{"start":{"line":200,"column":8},"end":{"line":202,"column":9}},"86":{"start":{"line":201,"column":10},"end":{"line":201,"column":16}},"87":{"start":{"line":203,"column":8},"end":{"line":203,"column":26}},"88":{"start":{"line":204,"column":8},"end":{"line":207,"column":9}},"89":{"start":{"line":209,"column":8},"end":{"line":211,"column":9}},"90":{"start":{"line":210,"column":10},"end":{"line":210,"column":43}},"91":{"start":{"line":217,"column":23},"end":{"line":220,"column":3}},"92":{"start":{"line":218,"column":4},"end":{"line":218,"column":26}},"93":{"start":{"line":219,"column":4},"end":{"line":219,"column":20}},"94":{"start":{"line":222,"column":32},"end":{"line":225,"column":3}},"95":{"start":{"line":223,"column":4},"end":{"line":223,"column":19}},"96":{"start":{"line":224,"column":4},"end":{"line":224,"column":20}},"97":{"start":{"line":227,"column":22},"end":{"line":238,"column":3}},"98":{"start":{"line":228,"column":4},"end":{"line":231,"column":5}},"99":{"start":{"line":229,"column":6},"end":{"line":229,"column":40}},"100":{"start":{"line":230,"column":6},"end":{"line":230,"column":39}},"101":{"start":{"line":232,"column":4},"end":{"line":232,"column":16}},"102":{"start":{"line":233,"column":4},"end":{"line":233,"column":18}},"103":{"start":{"line":234,"column":4},"end":{"line":234,"column":21}},"104":{"start":{"line":235,"column":4},"end":{"line":235,"column":23}},"105":{"start":{"line":236,"column":4},"end":{"line":236,"column":21}},"106":{"start":{"line":237,"column":4},"end":{"line":237,"column":22}},"107":{"start":{"line":240,"column":25},"end":{"line":269,"column":3}},"108":{"start":{"line":241,"column":20},"end":{"line":245,"column":6}},"109":{"start":{"line":247,"column":4},"end":{"line":268,"column":5}},"110":{"start":{"line":248,"column":19},"end":{"line":250,"column":8}},"111":{"start":{"line":251,"column":22},"end":{"line":251,"column":57}},"112":{"start":{"line":252,"column":21},"end":{"line":252,"column":46}},"113":{"start":{"line":254,"column":6},"end":{"line":256,"column":7}},"114":{"start":{"line":255,"column":8},"end":{"line":255,"column":60}},"115":{"start":{"line":258,"column":24},"end":{"line":258,"column":70}},"116":{"start":{"line":259,"column":6},"end":{"line":259,"column":27}},"117":{"start":{"line":260,"column":6},"end":{"line":260,"column":59}},"118":{"start":{"line":261,"column":6},"end":{"line":261,"column":20}},"119":{"start":{"line":262,"column":6},"end":{"line":262,"column":44}},"120":{"start":{"line":264,"column":6},"end":{"line":264,"column":71}},"121":{"start":{"line":265,"column":6},"end":{"line":267,"column":7}},"122":{"start":{"line":271,"column":22},"end":{"line":285,"column":30}},"123":{"start":{"line":272,"column":4},"end":{"line":274,"column":5}},"124":{"start":{"line":273,"column":6},"end":{"line":273,"column":43}},"125":{"start":{"line":275,"column":4},"end":{"line":277,"column":5}},"126":{"start":{"line":276,"column":6},"end":{"line":276,"column":82}},"127":{"start":{"line":278,"column":4},"end":{"line":280,"column":5}},"128":{"start":{"line":279,"column":6},"end":{"line":279,"column":41}},"129":{"start":{"line":281,"column":4},"end":{"line":283,"column":5}},"130":{"start":{"line":282,"column":6},"end":{"line":282,"column":29}},"131":{"start":{"line":284,"column":4},"end":{"line":284,"column":40}},"132":{"start":{"line":287,"column":2},"end":{"line":453,"column":3}},"133":{"start":{"line":307,"column":33},"end":{"line":307,"column":61}},"134":{"start":{"line":328,"column":12},"end":{"line":336,"column":21}},"135":{"start":{"line":332,"column":29},"end":{"line":332,"column":62}},"136":{"start":{"line":384,"column":16},"end":{"line":389,"column":22}},"137":{"start":{"line":397,"column":16},"end":{"line":440,"column":21}}},"fnMap":{"0":{"name":"(anonymous_0)","decl":{"start":{"line":7,"column":36},"end":{"line":7,"column":37}},"loc":{"start":{"line":12,"column":5},"end":{"line":33,"column":1}},"line":12},"1":{"name":"(anonymous_1)","decl":{"start":{"line":46,"column":31},"end":{"line":46,"column":32}},"loc":{"start":{"line":46,"column":46},"end":{"line":54,"column":1}},"line":46},"2":{"name":"(anonymous_2)","decl":{"start":{"line":56,"column":36},"end":{"line":56,"column":37}},"loc":{"start":{"line":56,"column":60},"end":{"line":71,"column":1}},"line":56},"3":{"name":"(anonymous_3)","decl":{"start":{"line":73,"column":31},"end":{"line":73,"column":32}},"loc":{"start":{"line":73,"column":48},"end":{"line":96,"column":1}},"line":73},"4":{"name":"(anonymous_4)","decl":{"start":{"line":98,"column":36},"end":{"line":98,"column":37}},"loc":{"start":{"line":102,"column":7},"end":{"line":119,"column":1}},"line":102},"5":{"name":"(anonymous_5)","decl":{"start":{"line":107,"column":27},"end":{"line":107,"column":28}},"loc":{"start":{"line":107,"column":40},"end":{"line":118,"column":3}},"line":107},"6":{"name":"(anonymous_6)","decl":{"start":{"line":121,"column":21},"end":{"line":121,"column":22}},"loc":{"start":{"line":122,"column":2},"end":{"line":124,"column":16}},"line":122},"7":{"name":"GeocodeSearchDemo","decl":{"start":{"line":126,"column":9},"end":{"line":126,"column":26}},"loc":{"start":{"line":126,"column":62},"end":{"line":454,"column":1}},"line":126},"8":{"name":"(anonymous_8)","decl":{"start":{"line":139,"column":4},"end":{"line":139,"column":5}},"loc":{"start":{"line":139,"column":11},"end":{"line":139,"column":58}},"line":139},"9":{"name":"(anonymous_9)","decl":{"start":{"line":145,"column":4},"end":{"line":145,"column":5}},"loc":{"start":{"line":145,"column":24},"end":{"line":213,"column":5}},"line":145},"10":{"name":"(anonymous_10)","decl":{"start":{"line":217,"column":23},"end":{"line":217,"column":24}},"loc":{"start":{"line":217,"column":34},"end":{"line":220,"column":3}},"line":217},"11":{"name":"(anonymous_11)","decl":{"start":{"line":222,"column":32},"end":{"line":222,"column":33}},"loc":{"start":{"line":222,"column":43},"end":{"line":225,"column":3}},"line":222},"12":{"name":"(anonymous_12)","decl":{"start":{"line":227,"column":22},"end":{"line":227,"column":23}},"loc":{"start":{"line":227,"column":28},"end":{"line":238,"column":3}},"line":227},"13":{"name":"(anonymous_13)","decl":{"start":{"line":240,"column":25},"end":{"line":240,"column":26}},"loc":{"start":{"line":240,"column":31},"end":{"line":269,"column":3}},"line":240},"14":{"name":"(anonymous_14)","decl":{"start":{"line":271,"column":30},"end":{"line":271,"column":31}},"loc":{"start":{"line":271,"column":36},"end":{"line":285,"column":3}},"line":271},"15":{"name":"(anonymous_15)","decl":{"start":{"line":307,"column":22},"end":{"line":307,"column":23}},"loc":{"start":{"line":307,"column":33},"end":{"line":307,"column":61}},"line":307},"16":{"name":"(anonymous_16)","decl":{"start":{"line":327,"column":33},"end":{"line":327,"column":34}},"loc":{"start":{"line":328,"column":12},"end":{"line":336,"column":21}},"line":328},"17":{"name":"(anonymous_17)","decl":{"start":{"line":332,"column":23},"end":{"line":332,"column":24}},"loc":{"start":{"line":332,"column":29},"end":{"line":332,"column":62}},"line":332},"18":{"name":"(anonymous_18)","decl":{"start":{"line":383,"column":29},"end":{"line":383,"column":30}},"loc":{"start":{"line":384,"column":16},"end":{"line":389,"column":22}},"line":384},"19":{"name":"(anonymous_19)","decl":{"start":{"line":396,"column":27},"end":{"line":396,"column":28}},"loc":{"start":{"line":397,"column":16},"end":{"line":440,"column":21}},"line":397}},"branchMap":{"0":{"loc":{"start":{"line":8,"column":2},"end":{"line":11,"column":8}},"type":"default-arg","locations":[{"start":{"line":11,"column":6},"end":{"line":11,"column":8}}],"line":8},"1":{"loc":{"start":{"line":14,"column":4},"end":{"line":19,"column":15}},"type":"cond-expr","locations":[{"start":{"line":15,"column":8},"end":{"line":15,"column":25}},{"start":{"line":16,"column":9},"end":{"line":19,"column":14}}],"line":14},"2":{"loc":{"start":{"line":16,"column":9},"end":{"line":19,"column":14}},"type":"cond-expr","locations":[{"start":{"line":18,"column":12},"end":{"line":18,"column":62}},{"start":{"line":19,"column":12},"end":{"line":19,"column":14}}],"line":16},"3":{"loc":{"start":{"line":16,"column":9},"end":{"line":17,"column":74}},"type":"binary-expr","locations":[{"start":{"line":16,"column":9},"end":{"line":16,"column":42}},{"start":{"line":17,"column":10},"end":{"line":17,"column":74}}],"line":16},"4":{"loc":{"start":{"line":21,"column":2},"end":{"line":23,"column":3}},"type":"if","locations":[{"start":{"line":21,"column":2},"end":{"line":23,"column":3}},{"start":{},"end":{}}],"line":21},"5":{"loc":{"start":{"line":26,"column":4},"end":{"line":30,"column":15}},"type":"cond-expr","locations":[{"start":{"line":27,"column":8},"end":{"line":27,"column":22}},{"start":{"line":28,"column":9},"end":{"line":30,"column":14}}],"line":26},"6":{"loc":{"start":{"line":28,"column":9},"end":{"line":30,"column":14}},"type":"cond-expr","locations":[{"start":{"line":29,"column":12},"end":{"line":29,"column":51}},{"start":{"line":30,"column":12},"end":{"line":30,"column":14}}],"line":28},"7":{"loc":{"start":{"line":28,"column":9},"end":{"line":28,"column":96}},"type":"binary-expr","locations":[{"start":{"line":28,"column":9},"end":{"line":28,"column":39}},{"start":{"line":28,"column":43},"end":{"line":28,"column":96}}],"line":28},"8":{"loc":{"start":{"line":32,"column":9},"end":{"line":32,"column":46}},"type":"binary-expr","locations":[{"start":{"line":32,"column":9},"end":{"line":32,"column":26}},{"start":{"line":32,"column":30},"end":{"line":32,"column":46}}],"line":32},"9":{"loc":{"start":{"line":46,"column":32},"end":{"line":46,"column":41}},"type":"default-arg","locations":[{"start":{"line":46,"column":40},"end":{"line":46,"column":41}}],"line":46},"10":{"loc":{"start":{"line":47,"column":2},"end":{"line":49,"column":3}},"type":"if","locations":[{"start":{"line":47,"column":2},"end":{"line":49,"column":3}},{"start":{},"end":{}}],"line":47},"11":{"loc":{"start":{"line":50,"column":2},"end":{"line":52,"column":3}},"type":"if","locations":[{"start":{"line":50,"column":2},"end":{"line":52,"column":3}},{"start":{},"end":{}}],"line":50},"12":{"loc":{"start":{"line":56,"column":47},"end":{"line":56,"column":55}},"type":"default-arg","locations":[{"start":{"line":56,"column":54},"end":{"line":56,"column":55}}],"line":56},"13":{"loc":{"start":{"line":57,"column":2},"end":{"line":59,"column":3}},"type":"if","locations":[{"start":{"line":57,"column":2},"end":{"line":59,"column":3}},{"start":{},"end":{}}],"line":57},"14":{"loc":{"start":{"line":57,"column":6},"end":{"line":57,"column":56}},"type":"binary-expr","locations":[{"start":{"line":57,"column":6},"end":{"line":57,"column":29}},{"start":{"line":57,"column":33},"end":{"line":57,"column":56}}],"line":57},"15":{"loc":{"start":{"line":74,"column":14},"end":{"line":74,"column":80}},"type":"cond-expr","locations":[{"start":{"line":74,"column":56},"end":{"line":74,"column":73}},{"start":{"line":74,"column":76},"end":{"line":74,"column":80}}],"line":74},"16":{"loc":{"start":{"line":75,"column":14},"end":{"line":75,"column":80}},"type":"cond-expr","locations":[{"start":{"line":75,"column":56},"end":{"line":75,"column":73}},{"start":{"line":75,"column":76},"end":{"line":75,"column":80}}],"line":75},"17":{"loc":{"start":{"line":76,"column":21},"end":{"line":76,"column":43}},"type":"binary-expr","locations":[{"start":{"line":76,"column":21},"end":{"line":76,"column":37}},{"start":{"line":76,"column":41},"end":{"line":76,"column":43}}],"line":76},"18":{"loc":{"start":{"line":78,"column":4},"end":{"line":83,"column":21}},"type":"binary-expr","locations":[{"start":{"line":78,"column":4},"end":{"line":78,"column":19}},{"start":{"line":79,"column":4},"end":{"line":79,"column":19}},{"start":{"line":80,"column":4},"end":{"line":80,"column":22}},{"start":{"line":81,"column":4},"end":{"line":81,"column":21}},{"start":{"line":82,"column":4},"end":{"line":82,"column":23}},{"start":{"line":83,"column":4},"end":{"line":83,"column":21}}],"line":78},"19":{"loc":{"start":{"line":84,"column":17},"end":{"line":84,"column":83}},"type":"binary-expr","locations":[{"start":{"line":84,"column":17},"end":{"line":84,"column":33}},{"start":{"line":84,"column":37},"end":{"line":84,"column":62}},{"start":{"line":84,"column":66},"end":{"line":84,"column":83}}],"line":84},"20":{"loc":{"start":{"line":88,"column":8},"end":{"line":88,"column":62}},"type":"binary-expr","locations":[{"start":{"line":88,"column":8},"end":{"line":88,"column":34}},{"start":{"line":88,"column":38},"end":{"line":88,"column":62}}],"line":88},"21":{"loc":{"start":{"line":89,"column":15},"end":{"line":89,"column":52}},"type":"binary-expr","locations":[{"start":{"line":89,"column":15},"end":{"line":89,"column":30}},{"start":{"line":89,"column":34},"end":{"line":89,"column":52}}],"line":89},"22":{"loc":{"start":{"line":90,"column":16},"end":{"line":90,"column":37}},"type":"binary-expr","locations":[{"start":{"line":90,"column":16},"end":{"line":90,"column":32}},{"start":{"line":90,"column":36},"end":{"line":90,"column":37}}],"line":90},"23":{"loc":{"start":{"line":93,"column":14},"end":{"line":93,"column":73}},"type":"binary-expr","locations":[{"start":{"line":93,"column":14},"end":{"line":93,"column":47}},{"start":{"line":93,"column":51},"end":{"line":93,"column":73}}],"line":93},"24":{"loc":{"start":{"line":105,"column":13},"end":{"line":105,"column":61}},"type":"cond-expr","locations":[{"start":{"line":105,"column":45},"end":{"line":105,"column":54}},{"start":{"line":105,"column":57},"end":{"line":105,"column":61}}],"line":105},"25":{"loc":{"start":{"line":110,"column":12},"end":{"line":110,"column":33}},"type":"binary-expr","locations":[{"start":{"line":110,"column":12},"end":{"line":110,"column":25}},{"start":{"line":110,"column":29},"end":{"line":110,"column":33}}],"line":110},"26":{"loc":{"start":{"line":113,"column":11},"end":{"line":113,"column":75}},"type":"cond-expr","locations":[{"start":{"line":113,"column":51},"end":{"line":113,"column":68}},{"start":{"line":113,"column":71},"end":{"line":113,"column":75}}],"line":113},"27":{"loc":{"start":{"line":114,"column":11},"end":{"line":114,"column":75}},"type":"cond-expr","locations":[{"start":{"line":114,"column":51},"end":{"line":114,"column":68}},{"start":{"line":114,"column":71},"end":{"line":114,"column":75}}],"line":114},"28":{"loc":{"start":{"line":117,"column":16},"end":{"line":117,"column":43}},"type":"binary-expr","locations":[{"start":{"line":117,"column":16},"end":{"line":117,"column":35}},{"start":{"line":117,"column":39},"end":{"line":117,"column":43}}],"line":117},"29":{"loc":{"start":{"line":122,"column":2},"end":{"line":124,"column":16}},"type":"cond-expr","locations":[{"start":{"line":123,"column":6},"end":{"line":123,"column":23}},{"start":{"line":124,"column":6},"end":{"line":124,"column":16}}],"line":122},"30":{"loc":{"start":{"line":122,"column":2},"end":{"line":122,"column":77}},"type":"binary-expr","locations":[{"start":{"line":122,"column":2},"end":{"line":122,"column":36}},{"start":{"line":122,"column":40},"end":{"line":122,"column":77}}],"line":122},"31":{"loc":{"start":{"line":126,"column":27},"end":{"line":126,"column":60}},"type":"default-arg","locations":[{"start":{"line":126,"column":58},"end":{"line":126,"column":60}}],"line":126},"32":{"loc":{"start":{"line":126,"column":29},"end":{"line":126,"column":53}},"type":"default-arg","locations":[{"start":{"line":126,"column":38},"end":{"line":126,"column":53}}],"line":126},"33":{"loc":{"start":{"line":136,"column":20},"end":{"line":136,"column":68}},"type":"binary-expr","locations":[{"start":{"line":136,"column":20},"end":{"line":136,"column":44}},{"start":{"line":136,"column":48},"end":{"line":136,"column":68}}],"line":136},"34":{"loc":{"start":{"line":139,"column":11},"end":{"line":139,"column":58}},"type":"cond-expr","locations":[{"start":{"line":139,"column":40},"end":{"line":139,"column":53}},{"start":{"line":139,"column":56},"end":{"line":139,"column":58}}],"line":139},"35":{"loc":{"start":{"line":142,"column":22},"end":{"line":142,"column":56}},"type":"binary-expr","locations":[{"start":{"line":142,"column":22},"end":{"line":142,"column":32}},{"start":{"line":142,"column":36},"end":{"line":142,"column":56}}],"line":142},"36":{"loc":{"start":{"line":147,"column":6},"end":{"line":154,"column":7}},"type":"if","locations":[{"start":{"line":147,"column":6},"end":{"line":154,"column":7}},{"start":{},"end":{}}],"line":147},"37":{"loc":{"start":{"line":156,"column":6},"end":{"line":160,"column":7}},"type":"if","locations":[{"start":{"line":156,"column":6},"end":{"line":160,"column":7}},{"start":{},"end":{}}],"line":156},"38":{"loc":{"start":{"line":162,"column":6},"end":{"line":164,"column":7}},"type":"if","locations":[{"start":{"line":162,"column":6},"end":{"line":164,"column":7}},{"start":{},"end":{}}],"line":162},"39":{"loc":{"start":{"line":179,"column":8},"end":{"line":181,"column":9}},"type":"if","locations":[{"start":{"line":179,"column":8},"end":{"line":181,"column":9}},{"start":{},"end":{}}],"line":179},"40":{"loc":{"start":{"line":184,"column":35},"end":{"line":184,"column":57}},"type":"binary-expr","locations":[{"start":{"line":184,"column":35},"end":{"line":184,"column":51}},{"start":{"line":184,"column":55},"end":{"line":184,"column":57}}],"line":184},"41":{"loc":{"start":{"line":190,"column":8},"end":{"line":196,"column":9}},"type":"if","locations":[{"start":{"line":190,"column":8},"end":{"line":196,"column":9}},{"start":{},"end":{}}],"line":190},"42":{"loc":{"start":{"line":200,"column":8},"end":{"line":202,"column":9}},"type":"if","locations":[{"start":{"line":200,"column":8},"end":{"line":202,"column":9}},{"start":{},"end":{}}],"line":200},"43":{"loc":{"start":{"line":205,"column":10},"end":{"line":206,"column":88}},"type":"binary-expr","locations":[{"start":{"line":205,"column":10},"end":{"line":205,"column":23}},{"start":{"line":206,"column":12},"end":{"line":206,"column":88}}],"line":205},"44":{"loc":{"start":{"line":209,"column":8},"end":{"line":211,"column":9}},"type":"if","locations":[{"start":{"line":209,"column":8},"end":{"line":211,"column":9}},{"start":{},"end":{}}],"line":209},"45":{"loc":{"start":{"line":228,"column":4},"end":{"line":231,"column":5}},"type":"if","locations":[{"start":{"line":228,"column":4},"end":{"line":231,"column":5}},{"start":{},"end":{}}],"line":228},"46":{"loc":{"start":{"line":254,"column":6},"end":{"line":256,"column":7}},"type":"if","locations":[{"start":{"line":254,"column":6},"end":{"line":256,"column":7}},{"start":{},"end":{}}],"line":254},"47":{"loc":{"start":{"line":254,"column":10},"end":{"line":254,"column":29}},"type":"binary-expr","locations":[{"start":{"line":254,"column":10},"end":{"line":254,"column":18}},{"start":{"line":254,"column":22},"end":{"line":254,"column":29}}],"line":254},"48":{"loc":{"start":{"line":272,"column":4},"end":{"line":274,"column":5}},"type":"if","locations":[{"start":{"line":272,"column":4},"end":{"line":274,"column":5}},{"start":{},"end":{}}],"line":272},"49":{"loc":{"start":{"line":275,"column":4},"end":{"line":277,"column":5}},"type":"if","locations":[{"start":{"line":275,"column":4},"end":{"line":277,"column":5}},{"start":{},"end":{}}],"line":275},"50":{"loc":{"start":{"line":276,"column":48},"end":{"line":276,"column":79}},"type":"cond-expr","locations":[{"start":{"line":276,"column":71},"end":{"line":276,"column":73}},{"start":{"line":276,"column":76},"end":{"line":276,"column":79}}],"line":276},"51":{"loc":{"start":{"line":278,"column":4},"end":{"line":280,"column":5}},"type":"if","locations":[{"start":{"line":278,"column":4},"end":{"line":280,"column":5}},{"start":{},"end":{}}],"line":278},"52":{"loc":{"start":{"line":281,"column":4},"end":{"line":283,"column":5}},"type":"if","locations":[{"start":{"line":281,"column":4},"end":{"line":283,"column":5}},{"start":{},"end":{}}],"line":281},"53":{"loc":{"start":{"line":320,"column":65},"end":{"line":320,"column":86}},"type":"binary-expr","locations":[{"start":{"line":320,"column":65},"end":{"line":320,"column":71}},{"start":{"line":320,"column":75},"end":{"line":320,"column":86}}],"line":320},"54":{"loc":{"start":{"line":342,"column":11},"end":{"line":346,"column":11}},"type":"binary-expr","locations":[{"start":{"line":342,"column":11},"end":{"line":342,"column":21}},{"start":{"line":343,"column":12},"end":{"line":345,"column":19}}],"line":342},"55":{"loc":{"start":{"line":347,"column":11},"end":{"line":351,"column":11}},"type":"binary-expr","locations":[{"start":{"line":347,"column":11},"end":{"line":347,"column":40}},{"start":{"line":348,"column":12},"end":{"line":350,"column":19}}],"line":347},"56":{"loc":{"start":{"line":368,"column":9},"end":{"line":372,"column":9}},"type":"binary-expr","locations":[{"start":{"line":368,"column":9},"end":{"line":368,"column":21}},{"start":{"line":369,"column":10},"end":{"line":371,"column":16}}],"line":368},"57":{"loc":{"start":{"line":375,"column":11},"end":{"line":379,"column":11}},"type":"binary-expr","locations":[{"start":{"line":375,"column":11},"end":{"line":375,"column":28}},{"start":{"line":376,"column":12},"end":{"line":378,"column":18}}],"line":375},"58":{"loc":{"start":{"line":381,"column":11},"end":{"line":392,"column":11}},"type":"binary-expr","locations":[{"start":{"line":381,"column":11},"end":{"line":381,"column":31}},{"start":{"line":382,"column":12},"end":{"line":391,"column":18}}],"line":381},"59":{"loc":{"start":{"line":394,"column":11},"end":{"line":443,"column":11}},"type":"binary-expr","locations":[{"start":{"line":394,"column":12},"end":{"line":394,"column":32}},{"start":{"line":394,"column":36},"end":{"line":394,"column":54}},{"start":{"line":394,"column":59},"end":{"line":394,"column":69}},{"start":{"line":395,"column":12},"end":{"line":442,"column":17}}],"line":394},"60":{"loc":{"start":{"line":398,"column":19},"end":{"line":423,"column":19}},"type":"binary-expr","locations":[{"start":{"line":398,"column":19},"end":{"line":398,"column":33}},{"start":{"line":399,"column":20},"end":{"line":422,"column":26}}],"line":398},"61":{"loc":{"start":{"line":413,"column":27},"end":{"line":415,"column":34}},"type":"cond-expr","locations":[{"start":{"line":414,"column":30},"end":{"line":414,"column":58}},{"start":{"line":415,"column":30},"end":{"line":415,"column":34}}],"line":413},"62":{"loc":{"start":{"line":417,"column":27},"end":{"line":419,"column":34}},"type":"cond-expr","locations":[{"start":{"line":418,"column":30},"end":{"line":418,"column":58}},{"start":{"line":419,"column":30},"end":{"line":419,"column":34}}],"line":417},"63":{"loc":{"start":{"line":426,"column":21},"end":{"line":426,"column":100}},"type":"binary-expr","locations":[{"start":{"line":426,"column":21},"end":{"line":426,"column":34}},{"start":{"line":426,"column":38},"end":{"line":426,"column":100}}],"line":426},"64":{"loc":{"start":{"line":432,"column":29},"end":{"line":432,"column":104}},"type":"cond-expr","locations":[{"start":{"line":432,"column":69},"end":{"line":432,"column":97}},{"start":{"line":432,"column":100},"end":{"line":432,"column":104}}],"line":432},"65":{"loc":{"start":{"line":435,"column":29},"end":{"line":435,"column":104}},"type":"cond-expr","locations":[{"start":{"line":435,"column":69},"end":{"line":435,"column":97}},{"start":{"line":435,"column":100},"end":{"line":435,"column":104}}],"line":435}},"s":{"0":2,"1":2,"2":118,"3":118,"4":1,"5":117,"6":117,"7":2,"8":2,"9":2,"10":2,"11":2,"12":14,"13":11,"14":3,"15":2,"16":1,"17":2,"18":12,"19":1,"20":11,"21":11,"22":11,"23":11,"24":11,"25":2,"26":12,"27":12,"28":12,"29":12,"30":12,"31":12,"32":12,"33":2,"34":5,"35":5,"36":2,"37":17,"38":115,"39":115,"40":115,"41":115,"42":115,"43":115,"44":115,"45":115,"46":115,"47":115,"48":115,"49":12,"50":115,"51":115,"52":12,"53":12,"54":1,"55":1,"56":1,"57":1,"58":1,"59":1,"60":11,"61":1,"62":1,"63":1,"64":10,"65":1,"66":10,"67":10,"68":10,"69":10,"70":10,"71":10,"72":10,"73":8,"74":1,"75":7,"76":7,"77":7,"78":7,"79":7,"80":7,"81":2,"82":2,"83":2,"84":5,"85":2,"86":1,"87":1,"88":1,"89":9,"90":8,"91":115,"92":11,"93":11,"94":115,"95":1,"96":1,"97":115,"98":1,"99":1,"100":1,"101":1,"102":1,"103":1,"104":1,"105":1,"106":1,"107":115,"108":2,"109":2,"110":2,"111":2,"112":2,"113":2,"114":1,"115":1,"116":1,"117":1,"118":1,"119":1,"120":1,"121":1,"122":115,"123":31,"124":9,"125":22,"126":5,"127":17,"128":2,"129":15,"130":2,"131":13,"132":115,"133":81,"134":460,"135":1,"136":72,"137":8},"f":{"0":118,"1":14,"2":12,"3":12,"4":5,"5":5,"6":17,"7":115,"8":12,"9":12,"10":11,"11":1,"12":1,"13":2,"14":31,"15":81,"16":460,"17":1,"18":72,"19":8},"b":{"0":[115],"1":[3,115],"2":[0,115],"3":[115,115],"4":[1,117],"5":[2,115],"6":[0,115],"7":[115,115],"8":[117,116],"9":[0],"10":[11,3],"11":[2,1],"12":[12],"13":[1,11],"14":[12,11],"15":[11,1],"16":[11,1],"17":[12,0],"18":[12,1,1,1,1,1],"19":[12,6,6],"20":[12,1],"21":[12,0],"22":[12,0],"23":[12,0],"24":[5,0],"25":[5,0],"26":[5,0],"27":[5,0],"28":[5,0],"29":[17,0],"30":[17,17],"31":[0],"32":[108],"33":[115,75],"34":[12,0],"35":[115,6],"36":[1,11],"37":[1,10],"38":[1,9],"39":[1,7],"40":[7,0],"41":[2,5],"42":[1,1],"43":[1,0],"44":[8,1],"45":[1,0],"46":[1,1],"47":[2,1],"48":[9,22],"49":[5,17],"50":[4,1],"51":[2,15],"52":[2,13],"53":[115,15],"54":[115,8],"55":[115,8],"56":[115,6],"57":[115,81],"58":[115,24],"59":[115,109,8,6],"60":[8,7],"61":[7,0],"62":[7,0],"63":[8,8],"64":[7,1],"65":[7,1]},"_coverageSchema":"1a1c01bbd47fc00a2c39e90264f33305004495a9","hash":"9d9e18576752cea1a0c7e2b7eadb161e84e60093"}
,"C:\\Users\\bengu\\OneDrive\\Desktop\\ben\\react-demo\\src\\MultiSelectFilterDemo.jsx": {"path":"C:\\Users\\bengu\\OneDrive\\Desktop\\ben\\react-demo\\src\\MultiSelectFilterDemo.jsx","statementMap":{"0":{"start":{"line":14,"column":21},"end":{"line":50,"column":1}},"1":{"start":{"line":52,"column":17},"end":{"line":54,"column":36}},"2":{"start":{"line":53,"column":44},"end":{"line":53,"column":56}},"3":{"start":{"line":54,"column":17},"end":{"line":54,"column":35}},"4":{"start":{"line":57,"column":36},"end":{"line":57,"column":48}},"5":{"start":{"line":58,"column":40},"end":{"line":58,"column":52}},"6":{"start":{"line":59,"column":46},"end":{"line":59,"column":61}},"7":{"start":{"line":61,"column":25},"end":{"line":71,"column":17}},"8":{"start":{"line":62,"column":21},"end":{"line":62,"column":70}},"9":{"start":{"line":62,"column":51},"end":{"line":62,"column":69}},"10":{"start":{"line":63,"column":23},"end":{"line":65,"column":5}},"11":{"start":{"line":63,"column":48},"end":{"line":63,"column":72}},"12":{"start":{"line":64,"column":16},"end":{"line":64,"column":34}},"13":{"start":{"line":67,"column":4},"end":{"line":70,"column":7}},"14":{"start":{"line":67,"column":54},"end":{"line":70,"column":5}},"15":{"start":{"line":73,"column":31},"end":{"line":83,"column":17}},"16":{"start":{"line":74,"column":4},"end":{"line":76,"column":5}},"17":{"start":{"line":75,"column":6},"end":{"line":75,"column":35}},"18":{"start":{"line":78,"column":4},"end":{"line":80,"column":5}},"19":{"start":{"line":79,"column":6},"end":{"line":79,"column":25}},"20":{"start":{"line":82,"column":4},"end":{"line":82,"column":41}},"21":{"start":{"line":85,"column":27},"end":{"line":93,"column":19}},"22":{"start":{"line":86,"column":4},"end":{"line":88,"column":5}},"23":{"start":{"line":87,"column":6},"end":{"line":87,"column":25}},"24":{"start":{"line":90,"column":4},"end":{"line":92,"column":5}},"25":{"start":{"line":91,"column":6},"end":{"line":91,"column":60}},"26":{"start":{"line":91,"column":33},"end":{"line":91,"column":59}},"27":{"start":{"line":96,"column":4},"end":{"line":97,"column":55}},"28":{"start":{"line":97,"column":28},"end":{"line":97,"column":54}},"29":{"start":{"line":99,"column":21},"end":{"line":102,"column":3}},"30":{"start":{"line":100,"column":4},"end":{"line":100,"column":34}},"31":{"start":{"line":101,"column":4},"end":{"line":101,"column":28}},"32":{"start":{"line":104,"column":30},"end":{"line":113,"column":3}},"33":{"start":{"line":105,"column":4},"end":{"line":110,"column":5}},"34":{"start":{"line":106,"column":6},"end":{"line":106,"column":28}},"35":{"start":{"line":107,"column":6},"end":{"line":107,"column":30}},"36":{"start":{"line":108,"column":6},"end":{"line":108,"column":30}},"37":{"start":{"line":109,"column":6},"end":{"line":109,"column":12}},"38":{"start":{"line":112,"column":4},"end":{"line":112,"column":16}},"39":{"start":{"line":115,"column":22},"end":{"line":119,"column":3}},"40":{"start":{"line":116,"column":4},"end":{"line":116,"column":20}},"41":{"start":{"line":117,"column":4},"end":{"line":117,"column":22}},"42":{"start":{"line":118,"column":4},"end":{"line":118,"column":28}},"43":{"start":{"line":121,"column":2},"end":{"line":244,"column":3}},"44":{"start":{"line":158,"column":16},"end":{"line":160,"column":23}},"45":{"start":{"line":163,"column":35},"end":{"line":163,"column":60}},"46":{"start":{"line":167,"column":49},"end":{"line":167,"column":72}},"47":{"start":{"line":169,"column":16},"end":{"line":198,"column":19}},"48":{"start":{"line":176,"column":24},"end":{"line":176,"column":46}},"49":{"start":{"line":177,"column":24},"end":{"line":177,"column":47}},"50":{"start":{"line":178,"column":24},"end":{"line":178,"column":45}},"51":{"start":{"line":187,"column":24},"end":{"line":187,"column":46}},"52":{"start":{"line":188,"column":24},"end":{"line":188,"column":47}},"53":{"start":{"line":189,"column":24},"end":{"line":189,"column":37}},"54":{"start":{"line":217,"column":16},"end":{"line":231,"column":26}},"55":{"start":{"line":226,"column":22},"end":{"line":228,"column":28}}},"fnMap":{"0":{"name":"(anonymous_0)","decl":{"start":{"line":53,"column":31},"end":{"line":53,"column":32}},"loc":{"start":{"line":53,"column":44},"end":{"line":53,"column":56}},"line":53},"1":{"name":"(anonymous_1)","decl":{"start":{"line":54,"column":7},"end":{"line":54,"column":8}},"loc":{"start":{"line":54,"column":17},"end":{"line":54,"column":35}},"line":54},"2":{"name":"MultiSelectFilterDemo","decl":{"start":{"line":56,"column":9},"end":{"line":56,"column":30}},"loc":{"start":{"line":56,"column":33},"end":{"line":245,"column":1}},"line":56},"3":{"name":"(anonymous_3)","decl":{"start":{"line":61,"column":33},"end":{"line":61,"column":34}},"loc":{"start":{"line":61,"column":39},"end":{"line":71,"column":3}},"line":61},"4":{"name":"(anonymous_4)","decl":{"start":{"line":62,"column":41},"end":{"line":62,"column":42}},"loc":{"start":{"line":62,"column":51},"end":{"line":62,"column":69}},"line":62},"5":{"name":"(anonymous_5)","decl":{"start":{"line":63,"column":39},"end":{"line":63,"column":40}},"loc":{"start":{"line":63,"column":48},"end":{"line":63,"column":72}},"line":63},"6":{"name":"(anonymous_6)","decl":{"start":{"line":64,"column":6},"end":{"line":64,"column":7}},"loc":{"start":{"line":64,"column":16},"end":{"line":64,"column":34}},"line":64},"7":{"name":"(anonymous_7)","decl":{"start":{"line":67,"column":44},"end":{"line":67,"column":45}},"loc":{"start":{"line":67,"column":54},"end":{"line":70,"column":5}},"line":67},"8":{"name":"(anonymous_8)","decl":{"start":{"line":73,"column":39},"end":{"line":73,"column":40}},"loc":{"start":{"line":73,"column":45},"end":{"line":83,"column":3}},"line":73},"9":{"name":"(anonymous_9)","decl":{"start":{"line":85,"column":35},"end":{"line":85,"column":36}},"loc":{"start":{"line":85,"column":41},"end":{"line":93,"column":3}},"line":85},"10":{"name":"(anonymous_10)","decl":{"start":{"line":90,"column":31},"end":{"line":90,"column":32}},"loc":{"start":{"line":91,"column":6},"end":{"line":91,"column":60}},"line":91},"11":{"name":"(anonymous_11)","decl":{"start":{"line":91,"column":24},"end":{"line":91,"column":25}},"loc":{"start":{"line":91,"column":33},"end":{"line":91,"column":59}},"line":91},"12":{"name":"(anonymous_12)","decl":{"start":{"line":97,"column":19},"end":{"line":97,"column":20}},"loc":{"start":{"line":97,"column":28},"end":{"line":97,"column":54}},"line":97},"13":{"name":"(anonymous_13)","decl":{"start":{"line":99,"column":21},"end":{"line":99,"column":22}},"loc":{"start":{"line":99,"column":27},"end":{"line":102,"column":3}},"line":99},"14":{"name":"(anonymous_14)","decl":{"start":{"line":104,"column":30},"end":{"line":104,"column":31}},"loc":{"start":{"line":104,"column":36},"end":{"line":113,"column":3}},"line":104},"15":{"name":"(anonymous_15)","decl":{"start":{"line":115,"column":22},"end":{"line":115,"column":23}},"loc":{"start":{"line":115,"column":28},"end":{"line":119,"column":3}},"line":115},"16":{"name":"(anonymous_16)","decl":{"start":{"line":157,"column":33},"end":{"line":157,"column":34}},"loc":{"start":{"line":158,"column":16},"end":{"line":160,"column":23}},"line":158},"17":{"name":"(anonymous_17)","decl":{"start":{"line":163,"column":24},"end":{"line":163,"column":25}},"loc":{"start":{"line":163,"column":35},"end":{"line":163,"column":60}},"line":163},"18":{"name":"(anonymous_18)","decl":{"start":{"line":167,"column":39},"end":{"line":167,"column":40}},"loc":{"start":{"line":167,"column":49},"end":{"line":167,"column":72}},"line":167},"19":{"name":"(anonymous_19)","decl":{"start":{"line":168,"column":30},"end":{"line":168,"column":31}},"loc":{"start":{"line":169,"column":16},"end":{"line":198,"column":19}},"line":169},"20":{"name":"(anonymous_20)","decl":{"start":{"line":175,"column":31},"end":{"line":175,"column":32}},"loc":{"start":{"line":175,"column":42},"end":{"line":179,"column":23}},"line":175},"21":{"name":"(anonymous_21)","decl":{"start":{"line":186,"column":31},"end":{"line":186,"column":32}},"loc":{"start":{"line":186,"column":42},"end":{"line":190,"column":23}},"line":186},"22":{"name":"(anonymous_22)","decl":{"start":{"line":216,"column":36},"end":{"line":216,"column":37}},"loc":{"start":{"line":217,"column":16},"end":{"line":231,"column":26}},"line":217},"23":{"name":"(anonymous_23)","decl":{"start":{"line":225,"column":38},"end":{"line":225,"column":39}},"loc":{"start":{"line":226,"column":22},"end":{"line":228,"column":28}},"line":226}},"branchMap":{"0":{"loc":{"start":{"line":74,"column":4},"end":{"line":76,"column":5}},"type":"if","locations":[{"start":{"line":74,"column":4},"end":{"line":76,"column":5}},{"start":{},"end":{}}],"line":74},"1":{"loc":{"start":{"line":78,"column":4},"end":{"line":80,"column":5}},"type":"if","locations":[{"start":{"line":78,"column":4},"end":{"line":80,"column":5}},{"start":{},"end":{}}],"line":78},"2":{"loc":{"start":{"line":86,"column":4},"end":{"line":88,"column":5}},"type":"if","locations":[{"start":{"line":86,"column":4},"end":{"line":88,"column":5}},{"start":{},"end":{}}],"line":86},"3":{"loc":{"start":{"line":96,"column":4},"end":{"line":97,"column":55}},"type":"binary-expr","locations":[{"start":{"line":96,"column":4},"end":{"line":96,"column":43}},{"start":{"line":97,"column":4},"end":{"line":97,"column":55}}],"line":96},"4":{"loc":{"start":{"line":105,"column":4},"end":{"line":110,"column":5}},"type":"if","locations":[{"start":{"line":105,"column":4},"end":{"line":110,"column":5}},{"start":{},"end":{}}],"line":105},"5":{"loc":{"start":{"line":163,"column":48},"end":{"line":163,"column":59}},"type":"binary-expr","locations":[{"start":{"line":163,"column":48},"end":{"line":163,"column":53}},{"start":{"line":163,"column":57},"end":{"line":163,"column":59}}],"line":163},"6":{"loc":{"start":{"line":180,"column":32},"end":{"line":180,"column":74}},"type":"binary-expr","locations":[{"start":{"line":180,"column":32},"end":{"line":180,"column":52}},{"start":{"line":180,"column":56},"end":{"line":180,"column":74}}],"line":180},"7":{"loc":{"start":{"line":182,"column":23},"end":{"line":182,"column":70}},"type":"cond-expr","locations":[{"start":{"line":182,"column":48},"end":{"line":182,"column":60}},{"start":{"line":182,"column":63},"end":{"line":182,"column":70}}],"line":182},"8":{"loc":{"start":{"line":192,"column":24},"end":{"line":192,"column":74}},"type":"binary-expr","locations":[{"start":{"line":192,"column":24},"end":{"line":192,"column":48}},{"start":{"line":192,"column":52},"end":{"line":192,"column":74}}],"line":192},"9":{"loc":{"start":{"line":205,"column":13},"end":{"line":209,"column":13}},"type":"binary-expr","locations":[{"start":{"line":205,"column":13},"end":{"line":205,"column":30}},{"start":{"line":206,"column":14},"end":{"line":208,"column":32}}],"line":205},"10":{"loc":{"start":{"line":214,"column":11},"end":{"line":240,"column":11}},"type":"cond-expr","locations":[{"start":{"line":215,"column":12},"end":{"line":233,"column":18}},{"start":{"line":235,"column":12},"end":{"line":239,"column":14}}],"line":214}},"s":{"0":1,"1":1,"2":5,"3":24,"4":19,"5":19,"6":19,"7":19,"8":14,"9":10,"10":14,"11":140,"12":111,"13":14,"14":140,"15":19,"16":14,"17":8,"18":6,"19":4,"20":2,"21":19,"22":12,"23":8,"24":4,"25":20,"26":22,"27":19,"28":14,"29":19,"30":3,"31":3,"32":19,"33":4,"34":1,"35":1,"36":1,"37":1,"38":3,"39":19,"40":1,"41":1,"42":1,"43":19,"44":19,"45":5,"46":2,"47":19,"48":4,"49":4,"50":4,"51":1,"52":1,"53":1,"54":79,"55":220},"f":{"0":5,"1":24,"2":19,"3":14,"4":10,"5":140,"6":111,"7":140,"8":14,"9":12,"10":20,"11":22,"12":14,"13":3,"14":4,"15":1,"16":19,"17":5,"18":2,"19":19,"20":4,"21":1,"22":79,"23":220},"b":{"0":[8,6],"1":[4,2],"2":[8,4],"3":[19,14],"4":[1,3],"5":[5,0],"6":[19,9],"7":[10,9],"8":[19,15],"9":[19,5],"10":[17,2]},"_coverageSchema":"1a1c01bbd47fc00a2c39e90264f33305004495a9","hash":"c1ae9ba25df8721593cc0d674334f50710895e69"}
,"C:\\Users\\bengu\\OneDrive\\Desktop\\ben\\react-demo\\src\\ReverseGeocodeDemo.jsx": {"path":"C:\\Users\\bengu\\OneDrive\\Desktop\\ben\\react-demo\\src\\ReverseGeocodeDemo.jsx","statementMap":{"0":{"start":{"line":12,"column":27},"end":{"line":17,"column":1}},"1":{"start":{"line":19,"column":23},"end":{"line":20,"column":79}},"2":{"start":{"line":20,"column":2},"end":{"line":20,"column":79}},"3":{"start":{"line":22,"column":24},"end":{"line":31,"column":1}},"4":{"start":{"line":23,"column":16},"end":{"line":23,"column":32}},"5":{"start":{"line":24,"column":2},"end":{"line":26,"column":3}},"6":{"start":{"line":25,"column":4},"end":{"line":25,"column":50}},"7":{"start":{"line":27,"column":2},"end":{"line":29,"column":3}},"8":{"start":{"line":28,"column":4},"end":{"line":28,"column":67}},"9":{"start":{"line":30,"column":2},"end":{"line":30,"column":18}},"10":{"start":{"line":33,"column":21},"end":{"line":36,"column":16}},"11":{"start":{"line":34,"column":2},"end":{"line":36,"column":16}},"12":{"start":{"line":39,"column":34},"end":{"line":39,"column":46}},"13":{"start":{"line":40,"column":34},"end":{"line":40,"column":46}},"14":{"start":{"line":41,"column":30},"end":{"line":41,"column":46}},"15":{"start":{"line":42,"column":42},"end":{"line":42,"column":54}},"16":{"start":{"line":43,"column":32},"end":{"line":43,"column":44}},"17":{"start":{"line":44,"column":36},"end":{"line":44,"column":50}},"18":{"start":{"line":45,"column":38},"end":{"line":45,"column":50}},"19":{"start":{"line":46,"column":28},"end":{"line":46,"column":40}},"20":{"start":{"line":48,"column":27},"end":{"line":51,"column":3}},"21":{"start":{"line":49,"column":11},"end":{"line":49,"column":58}},"22":{"start":{"line":53,"column":20},"end":{"line":53,"column":100}},"23":{"start":{"line":54,"column":21},"end":{"line":54,"column":39}},"24":{"start":{"line":55,"column":22},"end":{"line":55,"column":56}},"25":{"start":{"line":57,"column":20},"end":{"line":104,"column":3}},"26":{"start":{"line":59,"column":6},"end":{"line":63,"column":7}},"27":{"start":{"line":60,"column":8},"end":{"line":60,"column":26}},"28":{"start":{"line":61,"column":8},"end":{"line":61,"column":60}},"29":{"start":{"line":62,"column":8},"end":{"line":62,"column":14}},"30":{"start":{"line":65,"column":6},"end":{"line":65,"column":26}},"31":{"start":{"line":66,"column":6},"end":{"line":66,"column":25}},"32":{"start":{"line":68,"column":20},"end":{"line":68,"column":34}},"33":{"start":{"line":70,"column":6},"end":{"line":101,"column":7}},"34":{"start":{"line":71,"column":25},"end":{"line":73,"column":9}},"35":{"start":{"line":75,"column":8},"end":{"line":77,"column":9}},"36":{"start":{"line":76,"column":10},"end":{"line":76,"column":87}},"37":{"start":{"line":79,"column":24},"end":{"line":79,"column":45}},"38":{"start":{"line":80,"column":34},"end":{"line":80,"column":79}},"39":{"start":{"line":82,"column":8},"end":{"line":82,"column":37}},"40":{"start":{"line":83,"column":8},"end":{"line":83,"column":56}},"41":{"start":{"line":84,"column":8},"end":{"line":84,"column":71}},"42":{"start":{"line":86,"column":8},"end":{"line":92,"column":9}},"43":{"start":{"line":87,"column":10},"end":{"line":87,"column":28}},"44":{"start":{"line":88,"column":10},"end":{"line":90,"column":11}},"45":{"start":{"line":91,"column":10},"end":{"line":91,"column":16}},"46":{"start":{"line":94,"column":8},"end":{"line":94,"column":28}},"47":{"start":{"line":96,"column":8},"end":{"line":96,"column":26}},"48":{"start":{"line":97,"column":8},"end":{"line":100,"column":9}},"49":{"start":{"line":106,"column":23},"end":{"line":124,"column":3}},"50":{"start":{"line":107,"column":4},"end":{"line":107,"column":26}},"51":{"start":{"line":108,"column":22},"end":{"line":108,"column":89}},"52":{"start":{"line":109,"column":4},"end":{"line":114,"column":5}},"53":{"start":{"line":110,"column":6},"end":{"line":110,"column":38}},"54":{"start":{"line":111,"column":6},"end":{"line":111,"column":26}},"55":{"start":{"line":112,"column":6},"end":{"line":112,"column":20}},"56":{"start":{"line":113,"column":6},"end":{"line":113,"column":12}},"57":{"start":{"line":115,"column":22},"end":{"line":115,"column":92}},"58":{"start":{"line":116,"column":4},"end":{"line":121,"column":5}},"59":{"start":{"line":117,"column":6},"end":{"line":117,"column":38}},"60":{"start":{"line":118,"column":6},"end":{"line":118,"column":26}},"61":{"start":{"line":119,"column":6},"end":{"line":119,"column":20}},"62":{"start":{"line":120,"column":6},"end":{"line":120,"column":12}},"63":{"start":{"line":123,"column":4},"end":{"line":123,"column":47}},"64":{"start":{"line":126,"column":28},"end":{"line":134,"column":3}},"65":{"start":{"line":127,"column":4},"end":{"line":127,"column":20}},"66":{"start":{"line":128,"column":4},"end":{"line":128,"column":20}},"67":{"start":{"line":129,"column":22},"end":{"line":129,"column":33}},"68":{"start":{"line":130,"column":22},"end":{"line":130,"column":33}},"69":{"start":{"line":131,"column":4},"end":{"line":133,"column":5}},"70":{"start":{"line":132,"column":6},"end":{"line":132,"column":37}},"71":{"start":{"line":136,"column":21},"end":{"line":139,"column":3}},"72":{"start":{"line":137,"column":4},"end":{"line":137,"column":25}},"73":{"start":{"line":138,"column":4},"end":{"line":138,"column":25}},"74":{"start":{"line":141,"column":22},"end":{"line":149,"column":3}},"75":{"start":{"line":142,"column":4},"end":{"line":142,"column":19}},"76":{"start":{"line":143,"column":4},"end":{"line":143,"column":19}},"77":{"start":{"line":144,"column":4},"end":{"line":144,"column":18}},"78":{"start":{"line":145,"column":4},"end":{"line":145,"column":21}},"79":{"start":{"line":146,"column":4},"end":{"line":146,"column":23}},"80":{"start":{"line":147,"column":4},"end":{"line":147,"column":21}},"81":{"start":{"line":148,"column":4},"end":{"line":148,"column":22}},"82":{"start":{"line":151,"column":25},"end":{"line":180,"column":3}},"83":{"start":{"line":152,"column":19},"end":{"line":152,"column":44}},"84":{"start":{"line":153,"column":20},"end":{"line":157,"column":6}},"85":{"start":{"line":159,"column":4},"end":{"line":179,"column":5}},"86":{"start":{"line":160,"column":19},"end":{"line":162,"column":8}},"87":{"start":{"line":163,"column":22},"end":{"line":163,"column":57}},"88":{"start":{"line":165,"column":6},"end":{"line":167,"column":7}},"89":{"start":{"line":166,"column":8},"end":{"line":166,"column":60}},"90":{"start":{"line":169,"column":24},"end":{"line":169,"column":70}},"91":{"start":{"line":170,"column":6},"end":{"line":170,"column":27}},"92":{"start":{"line":171,"column":6},"end":{"line":171,"column":59}},"93":{"start":{"line":172,"column":6},"end":{"line":172,"column":20}},"94":{"start":{"line":173,"column":6},"end":{"line":173,"column":44}},"95":{"start":{"line":175,"column":6},"end":{"line":175,"column":79}},"96":{"start":{"line":176,"column":6},"end":{"line":178,"column":7}},"97":{"start":{"line":182,"column":22},"end":{"line":201,"column":30}},"98":{"start":{"line":183,"column":4},"end":{"line":185,"column":5}},"99":{"start":{"line":184,"column":6},"end":{"line":184,"column":57}},"100":{"start":{"line":186,"column":4},"end":{"line":190,"column":5}},"101":{"start":{"line":187,"column":6},"end":{"line":189,"column":31}},"102":{"start":{"line":191,"column":4},"end":{"line":193,"column":5}},"103":{"start":{"line":192,"column":6},"end":{"line":192,"column":33}},"104":{"start":{"line":194,"column":4},"end":{"line":196,"column":5}},"105":{"start":{"line":195,"column":6},"end":{"line":195,"column":29}},"106":{"start":{"line":197,"column":4},"end":{"line":199,"column":5}},"107":{"start":{"line":198,"column":6},"end":{"line":198,"column":57}},"108":{"start":{"line":200,"column":4},"end":{"line":200,"column":39}},"109":{"start":{"line":203,"column":2},"end":{"line":357,"column":3}},"110":{"start":{"line":219,"column":35},"end":{"line":219,"column":66}},"111":{"start":{"line":228,"column":35},"end":{"line":228,"column":66}},"112":{"start":{"line":254,"column":12},"end":{"line":262,"column":21}},"113":{"start":{"line":259,"column":29},"end":{"line":259,"column":70}},"114":{"start":{"line":303,"column":16},"end":{"line":308,"column":22}},"115":{"start":{"line":316,"column":16},"end":{"line":344,"column":21}}},"fnMap":{"0":{"name":"(anonymous_0)","decl":{"start":{"line":19,"column":23},"end":{"line":19,"column":24}},"loc":{"start":{"line":20,"column":2},"end":{"line":20,"column":79}},"line":20},"1":{"name":"(anonymous_1)","decl":{"start":{"line":22,"column":24},"end":{"line":22,"column":25}},"loc":{"start":{"line":22,"column":59},"end":{"line":31,"column":1}},"line":22},"2":{"name":"(anonymous_2)","decl":{"start":{"line":33,"column":21},"end":{"line":33,"column":22}},"loc":{"start":{"line":34,"column":2},"end":{"line":36,"column":16}},"line":34},"3":{"name":"ReverseGeocodeDemo","decl":{"start":{"line":38,"column":9},"end":{"line":38,"column":27}},"loc":{"start":{"line":38,"column":70},"end":{"line":358,"column":1}},"line":38},"4":{"name":"(anonymous_4)","decl":{"start":{"line":49,"column":4},"end":{"line":49,"column":5}},"loc":{"start":{"line":49,"column":11},"end":{"line":49,"column":58}},"line":49},"5":{"name":"(anonymous_5)","decl":{"start":{"line":58,"column":4},"end":{"line":58,"column":5}},"loc":{"start":{"line":58,"column":24},"end":{"line":102,"column":5}},"line":58},"6":{"name":"(anonymous_6)","decl":{"start":{"line":106,"column":23},"end":{"line":106,"column":24}},"loc":{"start":{"line":106,"column":34},"end":{"line":124,"column":3}},"line":106},"7":{"name":"(anonymous_7)","decl":{"start":{"line":126,"column":28},"end":{"line":126,"column":29}},"loc":{"start":{"line":126,"column":42},"end":{"line":134,"column":3}},"line":126},"8":{"name":"(anonymous_8)","decl":{"start":{"line":136,"column":21},"end":{"line":136,"column":22}},"loc":{"start":{"line":136,"column":27},"end":{"line":139,"column":3}},"line":136},"9":{"name":"(anonymous_9)","decl":{"start":{"line":141,"column":22},"end":{"line":141,"column":23}},"loc":{"start":{"line":141,"column":28},"end":{"line":149,"column":3}},"line":141},"10":{"name":"(anonymous_10)","decl":{"start":{"line":151,"column":25},"end":{"line":151,"column":26}},"loc":{"start":{"line":151,"column":31},"end":{"line":180,"column":3}},"line":151},"11":{"name":"(anonymous_11)","decl":{"start":{"line":182,"column":30},"end":{"line":182,"column":31}},"loc":{"start":{"line":182,"column":36},"end":{"line":201,"column":3}},"line":182},"12":{"name":"(anonymous_12)","decl":{"start":{"line":219,"column":24},"end":{"line":219,"column":25}},"loc":{"start":{"line":219,"column":35},"end":{"line":219,"column":66}},"line":219},"13":{"name":"(anonymous_13)","decl":{"start":{"line":228,"column":24},"end":{"line":228,"column":25}},"loc":{"start":{"line":228,"column":35},"end":{"line":228,"column":66}},"line":228},"14":{"name":"(anonymous_14)","decl":{"start":{"line":253,"column":34},"end":{"line":253,"column":35}},"loc":{"start":{"line":254,"column":12},"end":{"line":262,"column":21}},"line":254},"15":{"name":"(anonymous_15)","decl":{"start":{"line":259,"column":23},"end":{"line":259,"column":24}},"loc":{"start":{"line":259,"column":29},"end":{"line":259,"column":70}},"line":259},"16":{"name":"(anonymous_16)","decl":{"start":{"line":302,"column":26},"end":{"line":302,"column":27}},"loc":{"start":{"line":303,"column":16},"end":{"line":308,"column":22}},"line":303},"17":{"name":"(anonymous_17)","decl":{"start":{"line":315,"column":27},"end":{"line":315,"column":28}},"loc":{"start":{"line":316,"column":16},"end":{"line":344,"column":21}},"line":316}},"branchMap":{"0":{"loc":{"start":{"line":20,"column":2},"end":{"line":20,"column":79}},"type":"cond-expr","locations":[{"start":{"line":20,"column":56},"end":{"line":20,"column":72}},{"start":{"line":20,"column":75},"end":{"line":20,"column":79}}],"line":20},"1":{"loc":{"start":{"line":20,"column":2},"end":{"line":20,"column":53}},"type":"binary-expr","locations":[{"start":{"line":20,"column":2},"end":{"line":20,"column":27}},{"start":{"line":20,"column":31},"end":{"line":20,"column":53}}],"line":20},"2":{"loc":{"start":{"line":24,"column":2},"end":{"line":26,"column":3}},"type":"if","locations":[{"start":{"line":24,"column":2},"end":{"line":26,"column":3}},{"start":{},"end":{}}],"line":24},"3":{"loc":{"start":{"line":27,"column":2},"end":{"line":29,"column":3}},"type":"if","locations":[{"start":{"line":27,"column":2},"end":{"line":29,"column":3}},{"start":{},"end":{}}],"line":27},"4":{"loc":{"start":{"line":27,"column":6},"end":{"line":27,"column":32}},"type":"binary-expr","locations":[{"start":{"line":27,"column":6},"end":{"line":27,"column":17}},{"start":{"line":27,"column":21},"end":{"line":27,"column":32}}],"line":27},"5":{"loc":{"start":{"line":34,"column":2},"end":{"line":36,"column":16}},"type":"cond-expr","locations":[{"start":{"line":35,"column":6},"end":{"line":35,"column":23}},{"start":{"line":36,"column":6},"end":{"line":36,"column":16}}],"line":34},"6":{"loc":{"start":{"line":34,"column":2},"end":{"line":34,"column":77}},"type":"binary-expr","locations":[{"start":{"line":34,"column":2},"end":{"line":34,"column":36}},{"start":{"line":34,"column":40},"end":{"line":34,"column":77}}],"line":34},"7":{"loc":{"start":{"line":38,"column":28},"end":{"line":38,"column":68}},"type":"default-arg","locations":[{"start":{"line":38,"column":66},"end":{"line":38,"column":68}}],"line":38},"8":{"loc":{"start":{"line":38,"column":30},"end":{"line":38,"column":61}},"type":"default-arg","locations":[{"start":{"line":38,"column":39},"end":{"line":38,"column":61}}],"line":38},"9":{"loc":{"start":{"line":49,"column":11},"end":{"line":49,"column":58}},"type":"cond-expr","locations":[{"start":{"line":49,"column":40},"end":{"line":49,"column":53}},{"start":{"line":49,"column":56},"end":{"line":49,"column":58}}],"line":49},"10":{"loc":{"start":{"line":53,"column":20},"end":{"line":53,"column":100}},"type":"binary-expr","locations":[{"start":{"line":53,"column":20},"end":{"line":53,"column":46}},{"start":{"line":53,"column":50},"end":{"line":53,"column":76}},{"start":{"line":53,"column":80},"end":{"line":53,"column":100}}],"line":53},"11":{"loc":{"start":{"line":55,"column":22},"end":{"line":55,"column":56}},"type":"binary-expr","locations":[{"start":{"line":55,"column":22},"end":{"line":55,"column":32}},{"start":{"line":55,"column":36},"end":{"line":55,"column":56}}],"line":55},"12":{"loc":{"start":{"line":59,"column":6},"end":{"line":63,"column":7}},"type":"if","locations":[{"start":{"line":59,"column":6},"end":{"line":63,"column":7}},{"start":{},"end":{}}],"line":59},"13":{"loc":{"start":{"line":75,"column":8},"end":{"line":77,"column":9}},"type":"if","locations":[{"start":{"line":75,"column":8},"end":{"line":77,"column":9}},{"start":{},"end":{}}],"line":75},"14":{"loc":{"start":{"line":80,"column":35},"end":{"line":80,"column":57}},"type":"binary-expr","locations":[{"start":{"line":80,"column":35},"end":{"line":80,"column":51}},{"start":{"line":80,"column":55},"end":{"line":80,"column":57}}],"line":80},"15":{"loc":{"start":{"line":86,"column":8},"end":{"line":92,"column":9}},"type":"if","locations":[{"start":{"line":86,"column":8},"end":{"line":92,"column":9}},{"start":{},"end":{}}],"line":86},"16":{"loc":{"start":{"line":98,"column":10},"end":{"line":99,"column":88}},"type":"binary-expr","locations":[{"start":{"line":98,"column":10},"end":{"line":98,"column":29}},{"start":{"line":99,"column":12},"end":{"line":99,"column":88}}],"line":98},"17":{"loc":{"start":{"line":109,"column":4},"end":{"line":114,"column":5}},"type":"if","locations":[{"start":{"line":109,"column":4},"end":{"line":114,"column":5}},{"start":{},"end":{}}],"line":109},"18":{"loc":{"start":{"line":116,"column":4},"end":{"line":121,"column":5}},"type":"if","locations":[{"start":{"line":116,"column":4},"end":{"line":121,"column":5}},{"start":{},"end":{}}],"line":116},"19":{"loc":{"start":{"line":131,"column":4},"end":{"line":133,"column":5}},"type":"if","locations":[{"start":{"line":131,"column":4},"end":{"line":133,"column":5}},{"start":{},"end":{}}],"line":131},"20":{"loc":{"start":{"line":131,"column":8},"end":{"line":131,"column":64}},"type":"binary-expr","locations":[{"start":{"line":131,"column":8},"end":{"line":131,"column":34}},{"start":{"line":131,"column":38},"end":{"line":131,"column":64}}],"line":131},"21":{"loc":{"start":{"line":165,"column":6},"end":{"line":167,"column":7}},"type":"if","locations":[{"start":{"line":165,"column":6},"end":{"line":167,"column":7}},{"start":{},"end":{}}],"line":165},"22":{"loc":{"start":{"line":183,"column":4},"end":{"line":185,"column":5}},"type":"if","locations":[{"start":{"line":183,"column":4},"end":{"line":185,"column":5}},{"start":{},"end":{}}],"line":183},"23":{"loc":{"start":{"line":186,"column":4},"end":{"line":190,"column":5}},"type":"if","locations":[{"start":{"line":186,"column":4},"end":{"line":190,"column":5}},{"start":{},"end":{}}],"line":186},"24":{"loc":{"start":{"line":188,"column":8},"end":{"line":188,"column":39}},"type":"cond-expr","locations":[{"start":{"line":188,"column":31},"end":{"line":188,"column":33}},{"start":{"line":188,"column":36},"end":{"line":188,"column":39}}],"line":188},"25":{"loc":{"start":{"line":191,"column":4},"end":{"line":193,"column":5}},"type":"if","locations":[{"start":{"line":191,"column":4},"end":{"line":193,"column":5}},{"start":{},"end":{}}],"line":191},"26":{"loc":{"start":{"line":194,"column":4},"end":{"line":196,"column":5}},"type":"if","locations":[{"start":{"line":194,"column":4},"end":{"line":196,"column":5}},{"start":{},"end":{}}],"line":194},"27":{"loc":{"start":{"line":197,"column":4},"end":{"line":199,"column":5}},"type":"if","locations":[{"start":{"line":197,"column":4},"end":{"line":199,"column":5}},{"start":{},"end":{}}],"line":197},"28":{"loc":{"start":{"line":246,"column":65},"end":{"line":246,"column":102}},"type":"binary-expr","locations":[{"start":{"line":246,"column":65},"end":{"line":246,"column":74}},{"start":{"line":246,"column":78},"end":{"line":246,"column":87}},{"start":{"line":246,"column":91},"end":{"line":246,"column":102}}],"line":246},"29":{"loc":{"start":{"line":268,"column":11},"end":{"line":272,"column":11}},"type":"binary-expr","locations":[{"start":{"line":268,"column":11},"end":{"line":268,"column":21}},{"start":{"line":269,"column":12},"end":{"line":271,"column":19}}],"line":268},"30":{"loc":{"start":{"line":273,"column":11},"end":{"line":277,"column":11}},"type":"binary-expr","locations":[{"start":{"line":273,"column":11},"end":{"line":273,"column":40}},{"start":{"line":274,"column":12},"end":{"line":276,"column":19}}],"line":273},"31":{"loc":{"start":{"line":287,"column":9},"end":{"line":291,"column":9}},"type":"binary-expr","locations":[{"start":{"line":287,"column":9},"end":{"line":287,"column":21}},{"start":{"line":288,"column":10},"end":{"line":290,"column":16}}],"line":287},"32":{"loc":{"start":{"line":294,"column":11},"end":{"line":298,"column":11}},"type":"binary-expr","locations":[{"start":{"line":294,"column":11},"end":{"line":294,"column":28}},{"start":{"line":295,"column":12},"end":{"line":297,"column":18}}],"line":294},"33":{"loc":{"start":{"line":300,"column":11},"end":{"line":311,"column":11}},"type":"binary-expr","locations":[{"start":{"line":300,"column":11},"end":{"line":300,"column":31}},{"start":{"line":301,"column":12},"end":{"line":310,"column":18}}],"line":300},"34":{"loc":{"start":{"line":313,"column":11},"end":{"line":347,"column":11}},"type":"binary-expr","locations":[{"start":{"line":313,"column":12},"end":{"line":313,"column":32}},{"start":{"line":313,"column":36},"end":{"line":313,"column":54}},{"start":{"line":313,"column":59},"end":{"line":313,"column":69}},{"start":{"line":314,"column":12},"end":{"line":346,"column":17}}],"line":313},"35":{"loc":{"start":{"line":317,"column":19},"end":{"line":327,"column":19}},"type":"binary-expr","locations":[{"start":{"line":317,"column":19},"end":{"line":317,"column":33}},{"start":{"line":318,"column":20},"end":{"line":326,"column":26}}],"line":317},"36":{"loc":{"start":{"line":330,"column":21},"end":{"line":330,"column":100}},"type":"binary-expr","locations":[{"start":{"line":330,"column":21},"end":{"line":330,"column":34}},{"start":{"line":330,"column":38},"end":{"line":330,"column":100}}],"line":330}},"s":{"0":1,"1":1,"2":36,"3":1,"4":18,"5":18,"6":1,"7":17,"8":2,"9":15,"10":1,"11":13,"12":117,"13":117,"14":117,"15":117,"16":117,"17":117,"18":117,"19":117,"20":117,"21":12,"22":117,"23":117,"24":117,"25":117,"26":8,"27":1,"28":1,"29":1,"30":7,"31":7,"32":7,"33":7,"34":7,"35":7,"36":1,"37":6,"38":6,"39":6,"40":6,"41":6,"42":6,"43":1,"44":1,"45":1,"46":5,"47":1,"48":1,"49":117,"50":10,"51":10,"52":10,"53":2,"54":2,"55":2,"56":2,"57":8,"58":8,"59":1,"60":1,"61":1,"62":1,"63":7,"64":117,"65":1,"66":1,"67":1,"68":1,"69":1,"70":1,"71":117,"72":1,"73":1,"74":117,"75":1,"76":1,"77":1,"78":1,"79":1,"80":1,"81":1,"82":117,"83":2,"84":2,"85":2,"86":2,"87":2,"88":2,"89":1,"90":1,"91":1,"92":1,"93":1,"94":1,"95":1,"96":1,"97":117,"98":31,"99":7,"100":24,"101":5,"102":19,"103":1,"104":18,"105":2,"106":16,"107":3,"108":13,"109":117,"110":40,"111":44,"112":468,"113":1,"114":14,"115":6},"f":{"0":36,"1":18,"2":13,"3":117,"4":12,"5":8,"6":10,"7":1,"8":1,"9":1,"10":2,"11":31,"12":40,"13":44,"14":468,"15":1,"16":14,"17":6},"b":{"0":[36,0],"1":[36,36],"2":[1,17],"3":[2,15],"4":[17,17],"5":[13,0],"6":[13,13],"7":[0],"8":[113],"9":[12,0],"10":[117,104,64],"11":[117,6],"12":[1,7],"13":[1,6],"14":[6,0],"15":[1,5],"16":[1,0],"17":[2,8],"18":[1,7],"19":[1,0],"20":[1,1],"21":[1,1],"22":[7,24],"23":[5,19],"24":[5,0],"25":[1,18],"26":[2,16],"27":[3,13],"28":[117,13,13],"29":[117,7],"30":[117,7],"31":[117,7],"32":[117,98],"33":[117,7],"34":[117,111,7,6],"35":[6,6],"36":[6,6]},"_coverageSchema":"1a1c01bbd47fc00a2c39e90264f33305004495a9","hash":"25b58cfba5123782204ec48c074f6a704a7929d2"}
,"C:\\Users\\bengu\\OneDrive\\Desktop\\ben\\react-demo\\src\\TextTypingDemo.jsx": {"path":"C:\\Users\\bengu\\OneDrive\\Desktop\\ben\\react-demo\\src\\TextTypingDemo.jsx","statementMap":{"0":{"start":{"line":5,"column":2},"end":{"line":5,"column":110}},"1":{"start":{"line":8,"column":21},"end":{"line":8,"column":53}},"2":{"start":{"line":8,"column":35},"end":{"line":8,"column":44}},"3":{"start":{"line":9,"column":28},"end":{"line":9,"column":39}},"4":{"start":{"line":11,"column":2},"end":{"line":22,"column":56}},"5":{"start":{"line":12,"column":4},"end":{"line":14,"column":5}},"6":{"start":{"line":13,"column":6},"end":{"line":13,"column":12}},"7":{"start":{"line":16,"column":18},"end":{"line":16,"column":70}},"8":{"start":{"line":17,"column":18},"end":{"line":19,"column":13}},"9":{"start":{"line":18,"column":6},"end":{"line":18,"column":68}},"10":{"start":{"line":18,"column":26},"end":{"line":18,"column":66}},"11":{"start":{"line":21,"column":4},"end":{"line":21,"column":36}},"12":{"start":{"line":21,"column":17},"end":{"line":21,"column":36}},"13":{"start":{"line":24,"column":25},"end":{"line":24,"column":78}},"14":{"start":{"line":25,"column":20},"end":{"line":25,"column":64}},"15":{"start":{"line":27,"column":2},"end":{"line":32,"column":3}},"16":{"start":{"line":40,"column":63},"end":{"line":44,"column":3}},"17":{"start":{"line":46,"column":2},"end":{"line":82,"column":3}}},"fnMap":{"0":{"name":"useCharacterTyping","decl":{"start":{"line":7,"column":16},"end":{"line":7,"column":34}},"loc":{"start":{"line":7,"column":77},"end":{"line":33,"column":1}},"line":7},"1":{"name":"(anonymous_1)","decl":{"start":{"line":8,"column":29},"end":{"line":8,"column":30}},"loc":{"start":{"line":8,"column":35},"end":{"line":8,"column":44}},"line":8},"2":{"name":"(anonymous_2)","decl":{"start":{"line":11,"column":12},"end":{"line":11,"column":13}},"loc":{"start":{"line":11,"column":18},"end":{"line":22,"column":3}},"line":11},"3":{"name":"(anonymous_3)","decl":{"start":{"line":17,"column":29},"end":{"line":17,"column":30}},"loc":{"start":{"line":17,"column":35},"end":{"line":19,"column":5}},"line":17},"4":{"name":"(anonymous_4)","decl":{"start":{"line":18,"column":15},"end":{"line":18,"column":16}},"loc":{"start":{"line":18,"column":26},"end":{"line":18,"column":66}},"line":18},"5":{"name":"(anonymous_5)","decl":{"start":{"line":21,"column":11},"end":{"line":21,"column":12}},"loc":{"start":{"line":21,"column":17},"end":{"line":21,"column":36}},"line":21},"6":{"name":"TextTypingDemo","decl":{"start":{"line":35,"column":9},"end":{"line":35,"column":23}},"loc":{"start":{"line":39,"column":8},"end":{"line":83,"column":1}},"line":39}},"branchMap":{"0":{"loc":{"start":{"line":7,"column":41},"end":{"line":7,"column":57}},"type":"default-arg","locations":[{"start":{"line":7,"column":55},"end":{"line":7,"column":57}}],"line":7},"1":{"loc":{"start":{"line":7,"column":59},"end":{"line":7,"column":75}},"type":"default-arg","locations":[{"start":{"line":7,"column":71},"end":{"line":7,"column":75}}],"line":7},"2":{"loc":{"start":{"line":12,"column":4},"end":{"line":14,"column":5}},"type":"if","locations":[{"start":{"line":12,"column":4},"end":{"line":14,"column":5}},{"start":{},"end":{}}],"line":12},"3":{"loc":{"start":{"line":16,"column":18},"end":{"line":16,"column":70}},"type":"cond-expr","locations":[{"start":{"line":16,"column":47},"end":{"line":16,"column":56}},{"start":{"line":16,"column":59},"end":{"line":16,"column":70}}],"line":16},"4":{"loc":{"start":{"line":18,"column":26},"end":{"line":18,"column":66}},"type":"cond-expr","locations":[{"start":{"line":18,"column":54},"end":{"line":18,"column":55}},{"start":{"line":18,"column":58},"end":{"line":18,"column":66}}],"line":18},"5":{"loc":{"start":{"line":24,"column":25},"end":{"line":24,"column":78}},"type":"cond-expr","locations":[{"start":{"line":24,"column":53},"end":{"line":24,"column":70}},{"start":{"line":24,"column":73},"end":{"line":24,"column":78}}],"line":24},"6":{"loc":{"start":{"line":31,"column":15},"end":{"line":31,"column":66}},"type":"binary-expr","locations":[{"start":{"line":31,"column":15},"end":{"line":31,"column":41}},{"start":{"line":31,"column":45},"end":{"line":31,"column":66}}],"line":31},"7":{"loc":{"start":{"line":35,"column":24},"end":{"line":39,"column":6}},"type":"default-arg","locations":[{"start":{"line":39,"column":4},"end":{"line":39,"column":6}}],"line":35},"8":{"loc":{"start":{"line":36,"column":2},"end":{"line":36,"column":19}},"type":"default-arg","locations":[{"start":{"line":36,"column":9},"end":{"line":36,"column":19}}],"line":36},"9":{"loc":{"start":{"line":59,"column":42},"end":{"line":59,"column":78}},"type":"cond-expr","locations":[{"start":{"line":59,"column":54},"end":{"line":59,"column":73}},{"start":{"line":59,"column":76},"end":{"line":59,"column":78}}],"line":59}},"s":{"0":1,"1":9,"2":3,"3":9,"4":9,"5":9,"6":1,"7":8,"8":8,"9":6,"10":6,"11":8,"12":8,"13":9,"14":9,"15":9,"16":8,"17":8},"f":{"0":9,"1":3,"2":9,"3":6,"4":6,"5":8,"6":8},"b":{"0":[0],"1":[0],"2":[1,8],"3":[1,7],"4":[1,5],"5":[0,9],"6":[9,2],"7":[0],"8":[3],"9":[1,7]},"_coverageSchema":"1a1c01bbd47fc00a2c39e90264f33305004495a9","hash":"1034f8e5f479d7bf3e5eef3101a9622b18d3aa70"}
,"C:\\Users\\bengu\\OneDrive\\Desktop\\ben\\react-demo\\src\\main.jsx": {"path":"C:\\Users\\bengu\\OneDrive\\Desktop\\ben\\react-demo\\src\\main.jsx","statementMap":{"0":{"start":{"line":6,"column":0},"end":{"line":10,"column":1}}},"fnMap":{},"branchMap":{},"s":{"0":2},"f":{},"b":{},"_coverageSchema":"1a1c01bbd47fc00a2c39e90264f33305004495a9","hash":"a7225a1249c67659e1f5fe1940a9fc8cb70e7989"}
}
