{"C:\\Users\\bengu\\OneDrive\\Desktop\\ben\\react-demo\\src\\App.jsx": {"path":"C:\\Users\\bengu\\OneDrive\\Desktop\\ben\\react-demo\\src\\App.jsx","statementMap":{"0":{"start":{"line":8,"column":27},"end":{"line":8,"column":33}},"1":{"start":{"line":10,"column":18},"end":{"line":19,"column":1}},"2":{"start":{"line":21,"column":23},"end":{"line":24,"column":1}},"3":{"start":{"line":27,"column":36},"end":{"line":27,"column":54}},"4":{"start":{"line":29,"column":2},"end":{"line":75,"column":3}},"5":{"start":{"line":63,"column":34},"end":{"line":63,"column":51}}},"fnMap":{"0":{"name":"App","decl":{"start":{"line":26,"column":9},"end":{"line":26,"column":12}},"loc":{"start":{"line":26,"column":15},"end":{"line":76,"column":1}},"line":26},"1":{"name":"(anonymous_1)","decl":{"start":{"line":63,"column":21},"end":{"line":63,"column":22}},"loc":{"start":{"line":63,"column":34},"end":{"line":63,"column":51}},"line":63}},"branchMap":{},"s":{"0":1,"1":1,"2":1,"3":5,"4":5,"5":2},"f":{"0":5,"1":2},"b":{},"_coverageSchema":"1a1c01bbd47fc00a2c39e90264f33305004495a9","hash":"92f4d7df50cd1f71d8bc3232f4d92f457416b3ec"}
,"C:\\Users\\bengu\\OneDrive\\Desktop\\ben\\react-demo\\src\\MultiSelectFilterDemo.jsx": {"path":"C:\\Users\\bengu\\OneDrive\\Desktop\\ben\\react-demo\\src\\MultiSelectFilterDemo.jsx","statementMap":{"0":{"start":{"line":14,"column":21},"end":{"line":50,"column":1}},"1":{"start":{"line":52,"column":17},"end":{"line":54,"column":36}},"2":{"start":{"line":53,"column":44},"end":{"line":53,"column":56}},"3":{"start":{"line":54,"column":17},"end":{"line":54,"column":35}},"4":{"start":{"line":57,"column":36},"end":{"line":57,"column":48}},"5":{"start":{"line":58,"column":40},"end":{"line":58,"column":52}},"6":{"start":{"line":59,"column":46},"end":{"line":59,"column":61}},"7":{"start":{"line":61,"column":25},"end":{"line":71,"column":17}},"8":{"start":{"line":62,"column":21},"end":{"line":62,"column":70}},"9":{"start":{"line":62,"column":51},"end":{"line":62,"column":69}},"10":{"start":{"line":63,"column":23},"end":{"line":65,"column":5}},"11":{"start":{"line":63,"column":48},"end":{"line":63,"column":72}},"12":{"start":{"line":64,"column":16},"end":{"line":64,"column":34}},"13":{"start":{"line":67,"column":4},"end":{"line":70,"column":7}},"14":{"start":{"line":67,"column":54},"end":{"line":70,"column":5}},"15":{"start":{"line":73,"column":31},"end":{"line":83,"column":17}},"16":{"start":{"line":74,"column":4},"end":{"line":76,"column":5}},"17":{"start":{"line":75,"column":6},"end":{"line":75,"column":35}},"18":{"start":{"line":78,"column":4},"end":{"line":80,"column":5}},"19":{"start":{"line":79,"column":6},"end":{"line":79,"column":25}},"20":{"start":{"line":82,"column":4},"end":{"line":82,"column":41}},"21":{"start":{"line":85,"column":27},"end":{"line":93,"column":19}},"22":{"start":{"line":86,"column":4},"end":{"line":88,"column":5}},"23":{"start":{"line":87,"column":6},"end":{"line":87,"column":25}},"24":{"start":{"line":90,"column":4},"end":{"line":92,"column":5}},"25":{"start":{"line":91,"column":6},"end":{"line":91,"column":60}},"26":{"start":{"line":91,"column":33},"end":{"line":91,"column":59}},"27":{"start":{"line":96,"column":4},"end":{"line":97,"column":55}},"28":{"start":{"line":97,"column":28},"end":{"line":97,"column":54}},"29":{"start":{"line":99,"column":21},"end":{"line":102,"column":3}},"30":{"start":{"line":100,"column":4},"end":{"line":100,"column":34}},"31":{"start":{"line":101,"column":4},"end":{"line":101,"column":28}},"32":{"start":{"line":104,"column":30},"end":{"line":113,"column":3}},"33":{"start":{"line":105,"column":4},"end":{"line":110,"column":5}},"34":{"start":{"line":106,"column":6},"end":{"line":106,"column":28}},"35":{"start":{"line":107,"column":6},"end":{"line":107,"column":30}},"36":{"start":{"line":108,"column":6},"end":{"line":108,"column":30}},"37":{"start":{"line":109,"column":6},"end":{"line":109,"column":12}},"38":{"start":{"line":112,"column":4},"end":{"line":112,"column":16}},"39":{"start":{"line":115,"column":22},"end":{"line":119,"column":3}},"40":{"start":{"line":116,"column":4},"end":{"line":116,"column":20}},"41":{"start":{"line":117,"column":4},"end":{"line":117,"column":22}},"42":{"start":{"line":118,"column":4},"end":{"line":118,"column":28}},"43":{"start":{"line":121,"column":2},"end":{"line":244,"column":3}},"44":{"start":{"line":158,"column":16},"end":{"line":160,"column":23}},"45":{"start":{"line":163,"column":35},"end":{"line":163,"column":60}},"46":{"start":{"line":167,"column":49},"end":{"line":167,"column":72}},"47":{"start":{"line":169,"column":16},"end":{"line":198,"column":19}},"48":{"start":{"line":176,"column":24},"end":{"line":176,"column":46}},"49":{"start":{"line":177,"column":24},"end":{"line":177,"column":47}},"50":{"start":{"line":178,"column":24},"end":{"line":178,"column":45}},"51":{"start":{"line":187,"column":24},"end":{"line":187,"column":46}},"52":{"start":{"line":188,"column":24},"end":{"line":188,"column":47}},"53":{"start":{"line":189,"column":24},"end":{"line":189,"column":37}},"54":{"start":{"line":217,"column":16},"end":{"line":231,"column":26}},"55":{"start":{"line":226,"column":22},"end":{"line":228,"column":28}}},"fnMap":{"0":{"name":"(anonymous_0)","decl":{"start":{"line":53,"column":31},"end":{"line":53,"column":32}},"loc":{"start":{"line":53,"column":44},"end":{"line":53,"column":56}},"line":53},"1":{"name":"(anonymous_1)","decl":{"start":{"line":54,"column":7},"end":{"line":54,"column":8}},"loc":{"start":{"line":54,"column":17},"end":{"line":54,"column":35}},"line":54},"2":{"name":"MultiSelectFilterDemo","decl":{"start":{"line":56,"column":9},"end":{"line":56,"column":30}},"loc":{"start":{"line":56,"column":33},"end":{"line":245,"column":1}},"line":56},"3":{"name":"(anonymous_3)","decl":{"start":{"line":61,"column":33},"end":{"line":61,"column":34}},"loc":{"start":{"line":61,"column":39},"end":{"line":71,"column":3}},"line":61},"4":{"name":"(anonymous_4)","decl":{"start":{"line":62,"column":41},"end":{"line":62,"column":42}},"loc":{"start":{"line":62,"column":51},"end":{"line":62,"column":69}},"line":62},"5":{"name":"(anonymous_5)","decl":{"start":{"line":63,"column":39},"end":{"line":63,"column":40}},"loc":{"start":{"line":63,"column":48},"end":{"line":63,"column":72}},"line":63},"6":{"name":"(anonymous_6)","decl":{"start":{"line":64,"column":6},"end":{"line":64,"column":7}},"loc":{"start":{"line":64,"column":16},"end":{"line":64,"column":34}},"line":64},"7":{"name":"(anonymous_7)","decl":{"start":{"line":67,"column":44},"end":{"line":67,"column":45}},"loc":{"start":{"line":67,"column":54},"end":{"line":70,"column":5}},"line":67},"8":{"name":"(anonymous_8)","decl":{"start":{"line":73,"column":39},"end":{"line":73,"column":40}},"loc":{"start":{"line":73,"column":45},"end":{"line":83,"column":3}},"line":73},"9":{"name":"(anonymous_9)","decl":{"start":{"line":85,"column":35},"end":{"line":85,"column":36}},"loc":{"start":{"line":85,"column":41},"end":{"line":93,"column":3}},"line":85},"10":{"name":"(anonymous_10)","decl":{"start":{"line":90,"column":31},"end":{"line":90,"column":32}},"loc":{"start":{"line":91,"column":6},"end":{"line":91,"column":60}},"line":91},"11":{"name":"(anonymous_11)","decl":{"start":{"line":91,"column":24},"end":{"line":91,"column":25}},"loc":{"start":{"line":91,"column":33},"end":{"line":91,"column":59}},"line":91},"12":{"name":"(anonymous_12)","decl":{"start":{"line":97,"column":19},"end":{"line":97,"column":20}},"loc":{"start":{"line":97,"column":28},"end":{"line":97,"column":54}},"line":97},"13":{"name":"(anonymous_13)","decl":{"start":{"line":99,"column":21},"end":{"line":99,"column":22}},"loc":{"start":{"line":99,"column":27},"end":{"line":102,"column":3}},"line":99},"14":{"name":"(anonymous_14)","decl":{"start":{"line":104,"column":30},"end":{"line":104,"column":31}},"loc":{"start":{"line":104,"column":36},"end":{"line":113,"column":3}},"line":104},"15":{"name":"(anonymous_15)","decl":{"start":{"line":115,"column":22},"end":{"line":115,"column":23}},"loc":{"start":{"line":115,"column":28},"end":{"line":119,"column":3}},"line":115},"16":{"name":"(anonymous_16)","decl":{"start":{"line":157,"column":33},"end":{"line":157,"column":34}},"loc":{"start":{"line":158,"column":16},"end":{"line":160,"column":23}},"line":158},"17":{"name":"(anonymous_17)","decl":{"start":{"line":163,"column":24},"end":{"line":163,"column":25}},"loc":{"start":{"line":163,"column":35},"end":{"line":163,"column":60}},"line":163},"18":{"name":"(anonymous_18)","decl":{"start":{"line":167,"column":39},"end":{"line":167,"column":40}},"loc":{"start":{"line":167,"column":49},"end":{"line":167,"column":72}},"line":167},"19":{"name":"(anonymous_19)","decl":{"start":{"line":168,"column":30},"end":{"line":168,"column":31}},"loc":{"start":{"line":169,"column":16},"end":{"line":198,"column":19}},"line":169},"20":{"name":"(anonymous_20)","decl":{"start":{"line":175,"column":31},"end":{"line":175,"column":32}},"loc":{"start":{"line":175,"column":42},"end":{"line":179,"column":23}},"line":175},"21":{"name":"(anonymous_21)","decl":{"start":{"line":186,"column":31},"end":{"line":186,"column":32}},"loc":{"start":{"line":186,"column":42},"end":{"line":190,"column":23}},"line":186},"22":{"name":"(anonymous_22)","decl":{"start":{"line":216,"column":36},"end":{"line":216,"column":37}},"loc":{"start":{"line":217,"column":16},"end":{"line":231,"column":26}},"line":217},"23":{"name":"(anonymous_23)","decl":{"start":{"line":225,"column":38},"end":{"line":225,"column":39}},"loc":{"start":{"line":226,"column":22},"end":{"line":228,"column":28}},"line":226}},"branchMap":{"0":{"loc":{"start":{"line":74,"column":4},"end":{"line":76,"column":5}},"type":"if","locations":[{"start":{"line":74,"column":4},"end":{"line":76,"column":5}},{"start":{},"end":{}}],"line":74},"1":{"loc":{"start":{"line":78,"column":4},"end":{"line":80,"column":5}},"type":"if","locations":[{"start":{"line":78,"column":4},"end":{"line":80,"column":5}},{"start":{},"end":{}}],"line":78},"2":{"loc":{"start":{"line":86,"column":4},"end":{"line":88,"column":5}},"type":"if","locations":[{"start":{"line":86,"column":4},"end":{"line":88,"column":5}},{"start":{},"end":{}}],"line":86},"3":{"loc":{"start":{"line":96,"column":4},"end":{"line":97,"column":55}},"type":"binary-expr","locations":[{"start":{"line":96,"column":4},"end":{"line":96,"column":43}},{"start":{"line":97,"column":4},"end":{"line":97,"column":55}}],"line":96},"4":{"loc":{"start":{"line":105,"column":4},"end":{"line":110,"column":5}},"type":"if","locations":[{"start":{"line":105,"column":4},"end":{"line":110,"column":5}},{"start":{},"end":{}}],"line":105},"5":{"loc":{"start":{"line":163,"column":48},"end":{"line":163,"column":59}},"type":"binary-expr","locations":[{"start":{"line":163,"column":48},"end":{"line":163,"column":53}},{"start":{"line":163,"column":57},"end":{"line":163,"column":59}}],"line":163},"6":{"loc":{"start":{"line":180,"column":32},"end":{"line":180,"column":74}},"type":"binary-expr","locations":[{"start":{"line":180,"column":32},"end":{"line":180,"column":52}},{"start":{"line":180,"column":56},"end":{"line":180,"column":74}}],"line":180},"7":{"loc":{"start":{"line":182,"column":23},"end":{"line":182,"column":70}},"type":"cond-expr","locations":[{"start":{"line":182,"column":48},"end":{"line":182,"column":60}},{"start":{"line":182,"column":63},"end":{"line":182,"column":70}}],"line":182},"8":{"loc":{"start":{"line":192,"column":24},"end":{"line":192,"column":74}},"type":"binary-expr","locations":[{"start":{"line":192,"column":24},"end":{"line":192,"column":48}},{"start":{"line":192,"column":52},"end":{"line":192,"column":74}}],"line":192},"9":{"loc":{"start":{"line":205,"column":13},"end":{"line":209,"column":13}},"type":"binary-expr","locations":[{"start":{"line":205,"column":13},"end":{"line":205,"column":30}},{"start":{"line":206,"column":14},"end":{"line":208,"column":32}}],"line":205},"10":{"loc":{"start":{"line":214,"column":11},"end":{"line":240,"column":11}},"type":"cond-expr","locations":[{"start":{"line":215,"column":12},"end":{"line":233,"column":18}},{"start":{"line":235,"column":12},"end":{"line":239,"column":14}}],"line":214}},"s":{"0":1,"1":1,"2":5,"3":24,"4":19,"5":19,"6":19,"7":19,"8":14,"9":10,"10":14,"11":140,"12":111,"13":14,"14":140,"15":19,"16":14,"17":8,"18":6,"19":4,"20":2,"21":19,"22":12,"23":8,"24":4,"25":20,"26":22,"27":19,"28":14,"29":19,"30":3,"31":3,"32":19,"33":4,"34":1,"35":1,"36":1,"37":1,"38":3,"39":19,"40":1,"41":1,"42":1,"43":19,"44":19,"45":5,"46":2,"47":19,"48":4,"49":4,"50":4,"51":1,"52":1,"53":1,"54":79,"55":220},"f":{"0":5,"1":24,"2":19,"3":14,"4":10,"5":140,"6":111,"7":140,"8":14,"9":12,"10":20,"11":22,"12":14,"13":3,"14":4,"15":1,"16":19,"17":5,"18":2,"19":19,"20":4,"21":1,"22":79,"23":220},"b":{"0":[8,6],"1":[4,2],"2":[8,4],"3":[19,14],"4":[1,3],"5":[5,0],"6":[19,9],"7":[10,9],"8":[19,15],"9":[19,5],"10":[17,2]},"_coverageSchema":"1a1c01bbd47fc00a2c39e90264f33305004495a9","hash":"c1ae9ba25df8721593cc0d674334f50710895e69"}
,"C:\\Users\\bengu\\OneDrive\\Desktop\\ben\\react-demo\\src\\TextTypingDemo.jsx": {"path":"C:\\Users\\bengu\\OneDrive\\Desktop\\ben\\react-demo\\src\\TextTypingDemo.jsx","statementMap":{"0":{"start":{"line":5,"column":2},"end":{"line":5,"column":110}},"1":{"start":{"line":8,"column":21},"end":{"line":8,"column":53}},"2":{"start":{"line":8,"column":35},"end":{"line":8,"column":44}},"3":{"start":{"line":9,"column":28},"end":{"line":9,"column":39}},"4":{"start":{"line":11,"column":2},"end":{"line":22,"column":56}},"5":{"start":{"line":12,"column":4},"end":{"line":14,"column":5}},"6":{"start":{"line":13,"column":6},"end":{"line":13,"column":12}},"7":{"start":{"line":16,"column":18},"end":{"line":16,"column":70}},"8":{"start":{"line":17,"column":18},"end":{"line":19,"column":13}},"9":{"start":{"line":18,"column":6},"end":{"line":18,"column":68}},"10":{"start":{"line":18,"column":26},"end":{"line":18,"column":66}},"11":{"start":{"line":21,"column":4},"end":{"line":21,"column":36}},"12":{"start":{"line":21,"column":17},"end":{"line":21,"column":36}},"13":{"start":{"line":24,"column":25},"end":{"line":24,"column":78}},"14":{"start":{"line":25,"column":20},"end":{"line":25,"column":64}},"15":{"start":{"line":27,"column":2},"end":{"line":32,"column":3}},"16":{"start":{"line":40,"column":63},"end":{"line":44,"column":3}},"17":{"start":{"line":46,"column":2},"end":{"line":82,"column":3}}},"fnMap":{"0":{"name":"useCharacterTyping","decl":{"start":{"line":7,"column":16},"end":{"line":7,"column":34}},"loc":{"start":{"line":7,"column":77},"end":{"line":33,"column":1}},"line":7},"1":{"name":"(anonymous_1)","decl":{"start":{"line":8,"column":29},"end":{"line":8,"column":30}},"loc":{"start":{"line":8,"column":35},"end":{"line":8,"column":44}},"line":8},"2":{"name":"(anonymous_2)","decl":{"start":{"line":11,"column":12},"end":{"line":11,"column":13}},"loc":{"start":{"line":11,"column":18},"end":{"line":22,"column":3}},"line":11},"3":{"name":"(anonymous_3)","decl":{"start":{"line":17,"column":29},"end":{"line":17,"column":30}},"loc":{"start":{"line":17,"column":35},"end":{"line":19,"column":5}},"line":17},"4":{"name":"(anonymous_4)","decl":{"start":{"line":18,"column":15},"end":{"line":18,"column":16}},"loc":{"start":{"line":18,"column":26},"end":{"line":18,"column":66}},"line":18},"5":{"name":"(anonymous_5)","decl":{"start":{"line":21,"column":11},"end":{"line":21,"column":12}},"loc":{"start":{"line":21,"column":17},"end":{"line":21,"column":36}},"line":21},"6":{"name":"TextTypingDemo","decl":{"start":{"line":35,"column":9},"end":{"line":35,"column":23}},"loc":{"start":{"line":39,"column":8},"end":{"line":83,"column":1}},"line":39}},"branchMap":{"0":{"loc":{"start":{"line":7,"column":41},"end":{"line":7,"column":57}},"type":"default-arg","locations":[{"start":{"line":7,"column":55},"end":{"line":7,"column":57}}],"line":7},"1":{"loc":{"start":{"line":7,"column":59},"end":{"line":7,"column":75}},"type":"default-arg","locations":[{"start":{"line":7,"column":71},"end":{"line":7,"column":75}}],"line":7},"2":{"loc":{"start":{"line":12,"column":4},"end":{"line":14,"column":5}},"type":"if","locations":[{"start":{"line":12,"column":4},"end":{"line":14,"column":5}},{"start":{},"end":{}}],"line":12},"3":{"loc":{"start":{"line":16,"column":18},"end":{"line":16,"column":70}},"type":"cond-expr","locations":[{"start":{"line":16,"column":47},"end":{"line":16,"column":56}},{"start":{"line":16,"column":59},"end":{"line":16,"column":70}}],"line":16},"4":{"loc":{"start":{"line":18,"column":26},"end":{"line":18,"column":66}},"type":"cond-expr","locations":[{"start":{"line":18,"column":54},"end":{"line":18,"column":55}},{"start":{"line":18,"column":58},"end":{"line":18,"column":66}}],"line":18},"5":{"loc":{"start":{"line":24,"column":25},"end":{"line":24,"column":78}},"type":"cond-expr","locations":[{"start":{"line":24,"column":53},"end":{"line":24,"column":70}},{"start":{"line":24,"column":73},"end":{"line":24,"column":78}}],"line":24},"6":{"loc":{"start":{"line":31,"column":15},"end":{"line":31,"column":66}},"type":"binary-expr","locations":[{"start":{"line":31,"column":15},"end":{"line":31,"column":41}},{"start":{"line":31,"column":45},"end":{"line":31,"column":66}}],"line":31},"7":{"loc":{"start":{"line":35,"column":24},"end":{"line":39,"column":6}},"type":"default-arg","locations":[{"start":{"line":39,"column":4},"end":{"line":39,"column":6}}],"line":35},"8":{"loc":{"start":{"line":36,"column":2},"end":{"line":36,"column":19}},"type":"default-arg","locations":[{"start":{"line":36,"column":9},"end":{"line":36,"column":19}}],"line":36},"9":{"loc":{"start":{"line":59,"column":42},"end":{"line":59,"column":78}},"type":"cond-expr","locations":[{"start":{"line":59,"column":54},"end":{"line":59,"column":73}},{"start":{"line":59,"column":76},"end":{"line":59,"column":78}}],"line":59}},"s":{"0":1,"1":9,"2":3,"3":9,"4":9,"5":9,"6":1,"7":8,"8":8,"9":6,"10":6,"11":8,"12":8,"13":9,"14":9,"15":9,"16":8,"17":8},"f":{"0":9,"1":3,"2":9,"3":6,"4":6,"5":8,"6":8},"b":{"0":[0],"1":[0],"2":[1,8],"3":[1,7],"4":[1,5],"5":[0,9],"6":[9,2],"7":[0],"8":[3],"9":[1,7]},"_coverageSchema":"1a1c01bbd47fc00a2c39e90264f33305004495a9","hash":"1034f8e5f479d7bf3e5eef3101a9622b18d3aa70"}
,"C:\\Users\\bengu\\OneDrive\\Desktop\\ben\\react-demo\\src\\main.jsx": {"path":"C:\\Users\\bengu\\OneDrive\\Desktop\\ben\\react-demo\\src\\main.jsx","statementMap":{"0":{"start":{"line":6,"column":0},"end":{"line":10,"column":1}}},"fnMap":{},"branchMap":{},"s":{"0":2},"f":{},"b":{},"_coverageSchema":"1a1c01bbd47fc00a2c39e90264f33305004495a9","hash":"a7225a1249c67659e1f5fe1940a9fc8cb70e7989"}
}
