TN:
SF:src\App.jsx
FN:38,App
FN:75,(anonymous_1)
FNF:2
FNH:2
FNDA:9,App
FNDA:4,(anonymous_1)
DA:10,1
DA:12,1
DA:31,1
DA:39,9
DA:41,9
DA:75,4
LF:6
LH:6
BRF:0
BRH:0
end_of_record
TN:
SF:src\GeocodeSearchDemo.jsx
FN:7,(anonymous_0)
FN:46,(anonymous_1)
FN:56,(anonymous_2)
FN:73,(anonymous_3)
FN:98,(anonymous_4)
FN:107,(anonymous_5)
FN:121,(anonymous_6)
FN:126,GeocodeSearchDemo
FN:139,(anonymous_8)
FN:145,(anonymous_9)
FN:217,(anonymous_10)
FN:222,(anonymous_11)
FN:227,(anonymous_12)
FN:240,(anonymous_13)
FN:271,(anonymous_14)
FN:307,(anonymous_15)
FN:327,(anonymous_16)
FN:332,(anonymous_17)
FN:383,(anonymous_18)
FN:396,(anonymous_19)
FNF:20
FNH:20
FNDA:118,(anonymous_0)
FNDA:14,(anonymous_1)
FNDA:12,(anonymous_2)
FNDA:12,(anonymous_3)
FNDA:5,(anonymous_4)
FNDA:5,(anonymous_5)
FNDA:17,(anonymous_6)
FNDA:115,GeocodeSearchDemo
FNDA:12,(anonymous_8)
FNDA:12,(anonymous_9)
FNDA:11,(anonymous_10)
FNDA:1,(anonymous_11)
FNDA:1,(anonymous_12)
FNDA:2,(anonymous_13)
FNDA:31,(anonymous_14)
FNDA:81,(anonymous_15)
FNDA:460,(anonymous_16)
FNDA:1,(anonymous_17)
FNDA:72,(anonymous_18)
FNDA:8,(anonymous_19)
DA:5,2
DA:7,2
DA:14,118
DA:21,118
DA:22,1
DA:26,117
DA:32,117
DA:35,2
DA:37,2
DA:38,2
DA:39,2
DA:46,2
DA:47,14
DA:48,11
DA:50,3
DA:51,2
DA:53,1
DA:56,2
DA:57,12
DA:58,1
DA:61,11
DA:62,11
DA:63,11
DA:64,11
DA:67,11
DA:73,2
DA:74,12
DA:75,12
DA:76,12
DA:78,12
DA:84,12
DA:85,12
DA:87,12
DA:98,2
DA:102,5
DA:107,5
DA:121,2
DA:122,17
DA:127,115
DA:128,115
DA:129,115
DA:130,115
DA:131,115
DA:132,115
DA:133,115
DA:134,115
DA:136,115
DA:137,115
DA:138,115
DA:139,12
DA:142,115
DA:144,115
DA:146,12
DA:147,12
DA:148,1
DA:149,1
DA:150,1
DA:151,1
DA:152,1
DA:153,1
DA:156,11
DA:157,1
DA:158,1
DA:159,1
DA:162,10
DA:163,1
DA:166,10
DA:167,10
DA:169,10
DA:170,10
DA:171,10
DA:173,10
DA:174,10
DA:179,8
DA:180,1
DA:183,7
DA:184,7
DA:186,7
DA:187,7
DA:188,7
DA:190,7
DA:191,2
DA:192,2
DA:195,2
DA:198,5
DA:200,2
DA:201,1
DA:203,1
DA:204,1
DA:209,9
DA:210,8
DA:217,115
DA:218,11
DA:219,11
DA:222,115
DA:223,1
DA:224,1
DA:227,115
DA:228,1
DA:229,1
DA:230,1
DA:232,1
DA:233,1
DA:234,1
DA:235,1
DA:236,1
DA:237,1
DA:240,115
DA:241,2
DA:247,2
DA:248,2
DA:251,2
DA:252,2
DA:254,2
DA:255,1
DA:258,1
DA:259,1
DA:260,1
DA:261,1
DA:262,1
DA:264,1
DA:265,1
DA:271,115
DA:272,31
DA:273,9
DA:275,22
DA:276,5
DA:278,17
DA:279,2
DA:281,15
DA:282,2
DA:284,13
DA:287,115
DA:307,81
DA:328,460
DA:332,1
DA:384,72
DA:397,8
LF:138
LH:138
BRDA:8,0,0,115
BRDA:14,1,0,3
BRDA:14,1,1,115
BRDA:16,2,0,0
BRDA:16,2,1,115
BRDA:16,3,0,115
BRDA:16,3,1,115
BRDA:21,4,0,1
BRDA:21,4,1,117
BRDA:26,5,0,2
BRDA:26,5,1,115
BRDA:28,6,0,0
BRDA:28,6,1,115
BRDA:28,7,0,115
BRDA:28,7,1,115
BRDA:32,8,0,117
BRDA:32,8,1,116
BRDA:46,9,0,0
BRDA:47,10,0,11
BRDA:47,10,1,3
BRDA:50,11,0,2
BRDA:50,11,1,1
BRDA:56,12,0,12
BRDA:57,13,0,1
BRDA:57,13,1,11
BRDA:57,14,0,12
BRDA:57,14,1,11
BRDA:74,15,0,11
BRDA:74,15,1,1
BRDA:75,16,0,11
BRDA:75,16,1,1
BRDA:76,17,0,12
BRDA:76,17,1,0
BRDA:78,18,0,12
BRDA:78,18,1,1
BRDA:78,18,2,1
BRDA:78,18,3,1
BRDA:78,18,4,1
BRDA:78,18,5,1
BRDA:84,19,0,12
BRDA:84,19,1,6
BRDA:84,19,2,6
BRDA:88,20,0,12
BRDA:88,20,1,1
BRDA:89,21,0,12
BRDA:89,21,1,0
BRDA:90,22,0,12
BRDA:90,22,1,0
BRDA:93,23,0,12
BRDA:93,23,1,0
BRDA:105,24,0,5
BRDA:105,24,1,0
BRDA:110,25,0,5
BRDA:110,25,1,0
BRDA:113,26,0,5
BRDA:113,26,1,0
BRDA:114,27,0,5
BRDA:114,27,1,0
BRDA:117,28,0,5
BRDA:117,28,1,0
BRDA:122,29,0,17
BRDA:122,29,1,0
BRDA:122,30,0,17
BRDA:122,30,1,17
BRDA:126,31,0,0
BRDA:126,32,0,108
BRDA:136,33,0,115
BRDA:136,33,1,75
BRDA:139,34,0,12
BRDA:139,34,1,0
BRDA:142,35,0,115
BRDA:142,35,1,6
BRDA:147,36,0,1
BRDA:147,36,1,11
BRDA:156,37,0,1
BRDA:156,37,1,10
BRDA:162,38,0,1
BRDA:162,38,1,9
BRDA:179,39,0,1
BRDA:179,39,1,7
BRDA:184,40,0,7
BRDA:184,40,1,0
BRDA:190,41,0,2
BRDA:190,41,1,5
BRDA:200,42,0,1
BRDA:200,42,1,1
BRDA:205,43,0,1
BRDA:205,43,1,0
BRDA:209,44,0,8
BRDA:209,44,1,1
BRDA:228,45,0,1
BRDA:228,45,1,0
BRDA:254,46,0,1
BRDA:254,46,1,1
BRDA:254,47,0,2
BRDA:254,47,1,1
BRDA:272,48,0,9
BRDA:272,48,1,22
BRDA:275,49,0,5
BRDA:275,49,1,17
BRDA:276,50,0,4
BRDA:276,50,1,1
BRDA:278,51,0,2
BRDA:278,51,1,15
BRDA:281,52,0,2
BRDA:281,52,1,13
BRDA:320,53,0,115
BRDA:320,53,1,15
BRDA:342,54,0,115
BRDA:342,54,1,8
BRDA:347,55,0,115
BRDA:347,55,1,8
BRDA:368,56,0,115
BRDA:368,56,1,6
BRDA:375,57,0,115
BRDA:375,57,1,81
BRDA:381,58,0,115
BRDA:381,58,1,24
BRDA:394,59,0,115
BRDA:394,59,1,109
BRDA:394,59,2,8
BRDA:394,59,3,6
BRDA:398,60,0,8
BRDA:398,60,1,7
BRDA:413,61,0,7
BRDA:413,61,1,0
BRDA:417,62,0,7
BRDA:417,62,1,0
BRDA:426,63,0,8
BRDA:426,63,1,8
BRDA:432,64,0,7
BRDA:432,64,1,1
BRDA:435,65,0,7
BRDA:435,65,1,1
BRF:134
BRH:114
end_of_record
TN:
SF:src\MultiSelectFilterDemo.jsx
FN:53,(anonymous_0)
FN:54,(anonymous_1)
FN:56,MultiSelectFilterDemo
FN:61,(anonymous_3)
FN:62,(anonymous_4)
FN:63,(anonymous_5)
FN:64,(anonymous_6)
FN:67,(anonymous_7)
FN:73,(anonymous_8)
FN:85,(anonymous_9)
FN:90,(anonymous_10)
FN:91,(anonymous_11)
FN:97,(anonymous_12)
FN:99,(anonymous_13)
FN:104,(anonymous_14)
FN:115,(anonymous_15)
FN:157,(anonymous_16)
FN:163,(anonymous_17)
FN:167,(anonymous_18)
FN:168,(anonymous_19)
FN:175,(anonymous_20)
FN:186,(anonymous_21)
FN:216,(anonymous_22)
FN:225,(anonymous_23)
FNF:24
FNH:24
FNDA:5,(anonymous_0)
FNDA:24,(anonymous_1)
FNDA:19,MultiSelectFilterDemo
FNDA:14,(anonymous_3)
FNDA:10,(anonymous_4)
FNDA:140,(anonymous_5)
FNDA:111,(anonymous_6)
FNDA:140,(anonymous_7)
FNDA:14,(anonymous_8)
FNDA:12,(anonymous_9)
FNDA:20,(anonymous_10)
FNDA:22,(anonymous_11)
FNDA:14,(anonymous_12)
FNDA:3,(anonymous_13)
FNDA:4,(anonymous_14)
FNDA:1,(anonymous_15)
FNDA:19,(anonymous_16)
FNDA:5,(anonymous_17)
FNDA:2,(anonymous_18)
FNDA:19,(anonymous_19)
FNDA:4,(anonymous_20)
FNDA:1,(anonymous_21)
FNDA:79,(anonymous_22)
FNDA:220,(anonymous_23)
DA:14,1
DA:52,1
DA:53,5
DA:54,24
DA:57,19
DA:58,19
DA:59,19
DA:61,19
DA:62,14
DA:63,140
DA:64,111
DA:67,140
DA:73,19
DA:74,14
DA:75,8
DA:78,6
DA:79,4
DA:82,2
DA:85,19
DA:86,12
DA:87,8
DA:90,4
DA:91,22
DA:96,19
DA:97,14
DA:99,19
DA:100,3
DA:101,3
DA:104,19
DA:105,4
DA:106,1
DA:107,1
DA:108,1
DA:109,1
DA:112,3
DA:115,19
DA:116,1
DA:117,1
DA:118,1
DA:121,19
DA:158,19
DA:163,5
DA:167,2
DA:169,19
DA:176,4
DA:177,4
DA:178,4
DA:187,1
DA:188,1
DA:189,1
DA:217,79
DA:226,220
LF:52
LH:52
BRDA:74,0,0,8
BRDA:74,0,1,6
BRDA:78,1,0,4
BRDA:78,1,1,2
BRDA:86,2,0,8
BRDA:86,2,1,4
BRDA:96,3,0,19
BRDA:96,3,1,14
BRDA:105,4,0,1
BRDA:105,4,1,3
BRDA:163,5,0,5
BRDA:163,5,1,0
BRDA:180,6,0,19
BRDA:180,6,1,9
BRDA:182,7,0,10
BRDA:182,7,1,9
BRDA:192,8,0,19
BRDA:192,8,1,15
BRDA:205,9,0,19
BRDA:205,9,1,5
BRDA:214,10,0,17
BRDA:214,10,1,2
BRF:22
BRH:21
end_of_record
TN:
SF:src\ReverseGeocodeDemo.jsx
FN:19,(anonymous_0)
FN:22,(anonymous_1)
FN:33,(anonymous_2)
FN:38,ReverseGeocodeDemo
FN:49,(anonymous_4)
FN:58,(anonymous_5)
FN:106,(anonymous_6)
FN:126,(anonymous_7)
FN:136,(anonymous_8)
FN:141,(anonymous_9)
FN:151,(anonymous_10)
FN:182,(anonymous_11)
FN:219,(anonymous_12)
FN:228,(anonymous_13)
FN:253,(anonymous_14)
FN:259,(anonymous_15)
FN:302,(anonymous_16)
FN:315,(anonymous_17)
FNF:18
FNH:18
FNDA:36,(anonymous_0)
FNDA:18,(anonymous_1)
FNDA:13,(anonymous_2)
FNDA:117,ReverseGeocodeDemo
FNDA:12,(anonymous_4)
FNDA:8,(anonymous_5)
FNDA:10,(anonymous_6)
FNDA:1,(anonymous_7)
FNDA:1,(anonymous_8)
FNDA:1,(anonymous_9)
FNDA:2,(anonymous_10)
FNDA:31,(anonymous_11)
FNDA:40,(anonymous_12)
FNDA:44,(anonymous_13)
FNDA:468,(anonymous_14)
FNDA:1,(anonymous_15)
FNDA:14,(anonymous_16)
FNDA:6,(anonymous_17)
DA:12,1
DA:19,1
DA:20,36
DA:22,1
DA:23,18
DA:24,18
DA:25,1
DA:27,17
DA:28,2
DA:30,15
DA:33,1
DA:34,13
DA:39,117
DA:40,117
DA:41,117
DA:42,117
DA:43,117
DA:44,117
DA:45,117
DA:46,117
DA:48,117
DA:49,12
DA:53,117
DA:54,117
DA:55,117
DA:57,117
DA:59,8
DA:60,1
DA:61,1
DA:62,1
DA:65,7
DA:66,7
DA:68,7
DA:70,7
DA:71,7
DA:75,7
DA:76,1
DA:79,6
DA:80,6
DA:82,6
DA:83,6
DA:84,6
DA:86,6
DA:87,1
DA:88,1
DA:91,1
DA:94,5
DA:96,1
DA:97,1
DA:106,117
DA:107,10
DA:108,10
DA:109,10
DA:110,2
DA:111,2
DA:112,2
DA:113,2
DA:115,8
DA:116,8
DA:117,1
DA:118,1
DA:119,1
DA:120,1
DA:123,7
DA:126,117
DA:127,1
DA:128,1
DA:129,1
DA:130,1
DA:131,1
DA:132,1
DA:136,117
DA:137,1
DA:138,1
DA:141,117
DA:142,1
DA:143,1
DA:144,1
DA:145,1
DA:146,1
DA:147,1
DA:148,1
DA:151,117
DA:152,2
DA:153,2
DA:159,2
DA:160,2
DA:163,2
DA:165,2
DA:166,1
DA:169,1
DA:170,1
DA:171,1
DA:172,1
DA:173,1
DA:175,1
DA:176,1
DA:182,117
DA:183,31
DA:184,7
DA:186,24
DA:187,5
DA:191,19
DA:192,1
DA:194,18
DA:195,2
DA:197,16
DA:198,3
DA:200,13
DA:203,117
DA:219,40
DA:228,44
DA:254,468
DA:259,1
DA:303,14
DA:316,6
LF:116
LH:116
BRDA:20,0,0,36
BRDA:20,0,1,0
BRDA:20,1,0,36
BRDA:20,1,1,36
BRDA:24,2,0,1
BRDA:24,2,1,17
BRDA:27,3,0,2
BRDA:27,3,1,15
BRDA:27,4,0,17
BRDA:27,4,1,17
BRDA:34,5,0,13
BRDA:34,5,1,0
BRDA:34,6,0,13
BRDA:34,6,1,13
BRDA:38,7,0,0
BRDA:38,8,0,113
BRDA:49,9,0,12
BRDA:49,9,1,0
BRDA:53,10,0,117
BRDA:53,10,1,104
BRDA:53,10,2,64
BRDA:55,11,0,117
BRDA:55,11,1,6
BRDA:59,12,0,1
BRDA:59,12,1,7
BRDA:75,13,0,1
BRDA:75,13,1,6
BRDA:80,14,0,6
BRDA:80,14,1,0
BRDA:86,15,0,1
BRDA:86,15,1,5
BRDA:98,16,0,1
BRDA:98,16,1,0
BRDA:109,17,0,2
BRDA:109,17,1,8
BRDA:116,18,0,1
BRDA:116,18,1,7
BRDA:131,19,0,1
BRDA:131,19,1,0
BRDA:131,20,0,1
BRDA:131,20,1,1
BRDA:165,21,0,1
BRDA:165,21,1,1
BRDA:183,22,0,7
BRDA:183,22,1,24
BRDA:186,23,0,5
BRDA:186,23,1,19
BRDA:188,24,0,5
BRDA:188,24,1,0
BRDA:191,25,0,1
BRDA:191,25,1,18
BRDA:194,26,0,2
BRDA:194,26,1,16
BRDA:197,27,0,3
BRDA:197,27,1,13
BRDA:246,28,0,117
BRDA:246,28,1,13
BRDA:246,28,2,13
BRDA:268,29,0,117
BRDA:268,29,1,7
BRDA:273,30,0,117
BRDA:273,30,1,7
BRDA:287,31,0,117
BRDA:287,31,1,7
BRDA:294,32,0,117
BRDA:294,32,1,98
BRDA:300,33,0,117
BRDA:300,33,1,7
BRDA:313,34,0,117
BRDA:313,34,1,111
BRDA:313,34,2,7
BRDA:313,34,3,6
BRDA:317,35,0,6
BRDA:317,35,1,6
BRDA:330,36,0,6
BRDA:330,36,1,6
BRF:76
BRH:68
end_of_record
TN:
SF:src\TextTypingDemo.jsx
FN:7,useCharacterTyping
FN:8,(anonymous_1)
FN:11,(anonymous_2)
FN:17,(anonymous_3)
FN:18,(anonymous_4)
FN:21,(anonymous_5)
FN:35,TextTypingDemo
FNF:7
FNH:7
FNDA:9,useCharacterTyping
FNDA:3,(anonymous_1)
FNDA:9,(anonymous_2)
FNDA:6,(anonymous_3)
FNDA:6,(anonymous_4)
FNDA:8,(anonymous_5)
FNDA:8,TextTypingDemo
DA:5,1
DA:8,9
DA:9,9
DA:11,9
DA:12,9
DA:13,1
DA:16,8
DA:17,8
DA:18,6
DA:21,8
DA:24,9
DA:25,9
DA:27,9
DA:40,8
DA:46,8
LF:15
LH:15
BRDA:7,0,0,0
BRDA:7,1,0,0
BRDA:12,2,0,1
BRDA:12,2,1,8
BRDA:16,3,0,1
BRDA:16,3,1,7
BRDA:18,4,0,1
BRDA:18,4,1,5
BRDA:24,5,0,0
BRDA:24,5,1,9
BRDA:31,6,0,9
BRDA:31,6,1,2
BRDA:35,7,0,0
BRDA:36,8,0,3
BRDA:59,9,0,1
BRDA:59,9,1,7
BRF:16
BRH:12
end_of_record
TN:
SF:src\main.jsx
FNF:0
FNH:0
DA:6,2
LF:1
LH:1
BRF:0
BRH:0
end_of_record
