TN:
SF:src\App.jsx
FN:26,App
FN:63,(anonymous_1)
FNF:2
FNH:2
FNDA:5,App
FNDA:2,(anonymous_1)
DA:8,1
DA:10,1
DA:21,1
DA:27,5
DA:29,5
DA:63,2
LF:6
LH:6
BRF:0
BRH:0
end_of_record
TN:
SF:src\MultiSelectFilterDemo.jsx
FN:53,(anonymous_0)
FN:54,(anonymous_1)
FN:56,MultiSelectFilterDemo
FN:61,(anonymous_3)
FN:62,(anonymous_4)
FN:63,(anonymous_5)
FN:64,(anonymous_6)
FN:67,(anonymous_7)
FN:73,(anonymous_8)
FN:85,(anonymous_9)
FN:90,(anonymous_10)
FN:91,(anonymous_11)
FN:97,(anonymous_12)
FN:99,(anonymous_13)
FN:104,(anonymous_14)
FN:115,(anonymous_15)
FN:157,(anonymous_16)
FN:163,(anonymous_17)
FN:167,(anonymous_18)
FN:168,(anonymous_19)
FN:175,(anonymous_20)
FN:186,(anonymous_21)
FN:216,(anonymous_22)
FN:225,(anonymous_23)
FNF:24
FNH:24
FNDA:5,(anonymous_0)
FNDA:24,(anonymous_1)
FNDA:19,MultiSelectFilterDemo
FNDA:14,(anonymous_3)
FNDA:10,(anonymous_4)
FNDA:140,(anonymous_5)
FNDA:111,(anonymous_6)
FNDA:140,(anonymous_7)
FNDA:14,(anonymous_8)
FNDA:12,(anonymous_9)
FNDA:20,(anonymous_10)
FNDA:22,(anonymous_11)
FNDA:14,(anonymous_12)
FNDA:3,(anonymous_13)
FNDA:4,(anonymous_14)
FNDA:1,(anonymous_15)
FNDA:19,(anonymous_16)
FNDA:5,(anonymous_17)
FNDA:2,(anonymous_18)
FNDA:19,(anonymous_19)
FNDA:4,(anonymous_20)
FNDA:1,(anonymous_21)
FNDA:79,(anonymous_22)
FNDA:220,(anonymous_23)
DA:14,1
DA:52,1
DA:53,5
DA:54,24
DA:57,19
DA:58,19
DA:59,19
DA:61,19
DA:62,14
DA:63,140
DA:64,111
DA:67,140
DA:73,19
DA:74,14
DA:75,8
DA:78,6
DA:79,4
DA:82,2
DA:85,19
DA:86,12
DA:87,8
DA:90,4
DA:91,22
DA:96,19
DA:97,14
DA:99,19
DA:100,3
DA:101,3
DA:104,19
DA:105,4
DA:106,1
DA:107,1
DA:108,1
DA:109,1
DA:112,3
DA:115,19
DA:116,1
DA:117,1
DA:118,1
DA:121,19
DA:158,19
DA:163,5
DA:167,2
DA:169,19
DA:176,4
DA:177,4
DA:178,4
DA:187,1
DA:188,1
DA:189,1
DA:217,79
DA:226,220
LF:52
LH:52
BRDA:74,0,0,8
BRDA:74,0,1,6
BRDA:78,1,0,4
BRDA:78,1,1,2
BRDA:86,2,0,8
BRDA:86,2,1,4
BRDA:96,3,0,19
BRDA:96,3,1,14
BRDA:105,4,0,1
BRDA:105,4,1,3
BRDA:163,5,0,5
BRDA:163,5,1,0
BRDA:180,6,0,19
BRDA:180,6,1,9
BRDA:182,7,0,10
BRDA:182,7,1,9
BRDA:192,8,0,19
BRDA:192,8,1,15
BRDA:205,9,0,19
BRDA:205,9,1,5
BRDA:214,10,0,17
BRDA:214,10,1,2
BRF:22
BRH:21
end_of_record
TN:
SF:src\TextTypingDemo.jsx
FN:7,useCharacterTyping
FN:8,(anonymous_1)
FN:11,(anonymous_2)
FN:17,(anonymous_3)
FN:18,(anonymous_4)
FN:21,(anonymous_5)
FN:35,TextTypingDemo
FNF:7
FNH:7
FNDA:9,useCharacterTyping
FNDA:3,(anonymous_1)
FNDA:9,(anonymous_2)
FNDA:6,(anonymous_3)
FNDA:6,(anonymous_4)
FNDA:8,(anonymous_5)
FNDA:8,TextTypingDemo
DA:5,1
DA:8,9
DA:9,9
DA:11,9
DA:12,9
DA:13,1
DA:16,8
DA:17,8
DA:18,6
DA:21,8
DA:24,9
DA:25,9
DA:27,9
DA:40,8
DA:46,8
LF:15
LH:15
BRDA:7,0,0,0
BRDA:7,1,0,0
BRDA:12,2,0,1
BRDA:12,2,1,8
BRDA:16,3,0,1
BRDA:16,3,1,7
BRDA:18,4,0,1
BRDA:18,4,1,5
BRDA:24,5,0,0
BRDA:24,5,1,9
BRDA:31,6,0,9
BRDA:31,6,1,2
BRDA:35,7,0,0
BRDA:36,8,0,3
BRDA:59,9,0,1
BRDA:59,9,1,7
BRF:16
BRH:12
end_of_record
TN:
SF:src\main.jsx
FNF:0
FNH:0
DA:6,2
LF:1
LH:1
BRF:0
BRH:0
end_of_record
